<?xml version="1.0" encoding="UTF-8"?>
<coverage generated="1689564248388" clover="3.2.0">
  <project timestamp="1689564248388" name="All files">
    <metrics statements="290" coveredstatements="290" conditionals="94" coveredconditionals="94" methods="92" coveredmethods="92" elements="476" coveredelements="476" complexity="0" loc="290" ncloc="290" packages="2" files="8" classes="8"/>
    <package name="src">
      <metrics statements="178" coveredstatements="178" conditionals="81" coveredconditionals="81" methods="48" coveredmethods="48"/>
      <file name="createObserver.ts" path="/Users/alex.brombal/dev/keck/src/createObserver.ts">
        <metrics statements="128" coveredstatements="128" conditionals="77" coveredconditionals="77" methods="25" coveredmethods="25"/>
        <line num="1" count="16" type="stmt"/>
        <line num="2" count="16" type="stmt"/>
        <line num="9" count="16" type="stmt"/>
        <line num="11" count="16" type="stmt"/>
        <line num="18" count="16" type="stmt"/>
        <line num="40" count="246" type="stmt"/>
        <line num="52" count="246" type="stmt"/>
        <line num="57" count="246" type="stmt"/>
        <line num="60" count="246" type="stmt"/>
        <line num="61" count="246" type="stmt"/>
        <line num="62" count="246" type="stmt"/>
        <line num="64" count="246" type="cond" truecount="1" falsecount="0"/>
        <line num="65" count="1" type="stmt"/>
        <line num="67" count="245" type="cond" truecount="2" falsecount="0"/>
        <line num="68" count="151" type="stmt"/>
        <line num="72" count="495" type="stmt"/>
        <line num="82" count="103" type="stmt"/>
        <line num="83" count="103" type="stmt"/>
        <line num="87" count="103" type="stmt"/>
        <line num="91" count="103" type="stmt"/>
        <line num="94" count="103" type="stmt"/>
        <line num="95" count="102" type="stmt"/>
        <line num="99" count="11" type="stmt"/>
        <line num="100" count="11" type="stmt"/>
        <line num="101" count="11" type="stmt"/>
        <line num="111" count="16" type="stmt"/>
        <line num="119" count="300" type="stmt"/>
        <line num="125" count="300" type="stmt"/>
        <line num="131" count="299" type="stmt"/>
        <line num="132" count="299" type="stmt"/>
        <line num="133" count="299" type="stmt"/>
        <line num="137" count="2800" type="stmt"/>
        <line num="141" count="234" type="stmt"/>
        <line num="142" count="234" type="stmt"/>
        <line num="144" count="234" type="stmt"/>
        <line num="145" count="234" type="cond" truecount="1" falsecount="0"/>
        <line num="147" count="234" type="stmt"/>
        <line num="149" count="234" type="stmt"/>
        <line num="150" count="234" type="cond" truecount="1" falsecount="0"/>
        <line num="157" count="234" type="cond" truecount="2" falsecount="0"/>
        <line num="158" count="56" type="cond" truecount="1" falsecount="0"/>
        <line num="164" count="178" type="stmt"/>
        <line num="167" count="234" type="stmt"/>
        <line num="195" count="949" type="cond" truecount="1" falsecount="0"/>
        <line num="197" count="928" type="stmt"/>
        <line num="200" count="928" type="cond" truecount="1" falsecount="0"/>
        <line num="206" count="516" type="cond" truecount="2" falsecount="0"/>
        <line num="210" count="516" type="cond" truecount="3" falsecount="0"/>
        <line num="211" count="516" type="cond" truecount="1" falsecount="0"/>
        <line num="212" count="197" type="stmt"/>
        <line num="213" count="197" type="stmt"/>
        <line num="216" count="516" type="cond" truecount="1" falsecount="0"/>
        <line num="220" count="53" type="stmt"/>
        <line num="222" count="516" type="stmt"/>
        <line num="226" count="412" type="cond" truecount="1" falsecount="0"/>
        <line num="227" count="412" type="stmt"/>
        <line num="235" count="550" type="stmt"/>
        <line num="236" count="550" type="stmt"/>
        <line num="239" count="550" type="stmt"/>
        <line num="240" count="550" type="cond" truecount="1" falsecount="0"/>
        <line num="241" count="185" type="cond" truecount="4" falsecount="0"/>
        <line num="244" count="8" type="stmt"/>
        <line num="245" count="177" type="cond" truecount="1" falsecount="0"/>
        <line num="248" count="11" type="stmt"/>
        <line num="249" count="11" type="stmt"/>
        <line num="255" count="550" type="cond" truecount="3" falsecount="0"/>
        <line num="256" count="28" type="stmt"/>
        <line num="257" count="28" type="stmt"/>
        <line num="261" count="550" type="stmt"/>
        <line num="262" count="158" type="stmt"/>
        <line num="263" count="158" type="cond" truecount="1" falsecount="0"/>
        <line num="264" count="30" type="stmt"/>
        <line num="265" count="30" type="stmt"/>
        <line num="266" count="30" type="stmt"/>
        <line num="267" count="30" type="stmt"/>
        <line num="268" count="30" type="stmt"/>
        <line num="270" count="30" type="stmt"/>
        <line num="271" count="30" type="stmt"/>
        <line num="274" count="158" type="cond" truecount="3" falsecount="0"/>
        <line num="275" count="139" type="cond" truecount="4" falsecount="0"/>
        <line num="279" count="550" type="stmt"/>
        <line num="284" count="550" type="cond" truecount="2" falsecount="0"/>
        <line num="285" count="166" type="stmt"/>
        <line num="290" count="384" type="cond" truecount="1" falsecount="0"/>
        <line num="291" count="192" type="stmt"/>
        <line num="299" count="742" type="stmt"/>
        <line num="312" count="16" type="stmt"/>
        <line num="313" count="103" type="cond" truecount="2" falsecount="0"/>
        <line num="314" count="6" type="stmt"/>
        <line num="320" count="103" type="stmt"/>
        <line num="321" count="103" type="stmt"/>
        <line num="322" count="102" type="stmt"/>
        <line num="331" count="6" type="stmt"/>
        <line num="332" count="5" type="stmt"/>
        <line num="334" count="12" type="stmt"/>
        <line num="335" count="6" type="stmt"/>
        <line num="336" count="6" type="stmt"/>
        <line num="349" count="16" type="stmt"/>
        <line num="353" count="32" type="cond" truecount="1" falsecount="0"/>
        <line num="354" count="12" type="stmt"/>
        <line num="355" count="12" type="stmt"/>
        <line num="356" count="12" type="stmt"/>
        <line num="357" count="12" type="stmt"/>
        <line num="385" count="114" type="stmt"/>
        <line num="392" count="16" type="stmt"/>
        <line num="393" count="74" type="stmt"/>
        <line num="394" count="74" type="cond" truecount="3" falsecount="0"/>
        <line num="395" count="1" type="stmt"/>
        <line num="396" count="73" type="stmt"/>
        <line num="399" count="16" type="stmt"/>
        <line num="400" count="12" type="stmt"/>
        <line num="401" count="12" type="cond" truecount="3" falsecount="0"/>
        <line num="402" count="1" type="stmt"/>
        <line num="403" count="11" type="stmt"/>
        <line num="407" count="283" type="stmt"/>
        <line num="408" count="283" type="cond" truecount="1" falsecount="0"/>
        <line num="410" count="50" type="cond" truecount="3" falsecount="0"/>
        <line num="411" count="1" type="stmt"/>
        <line num="413" count="49" type="stmt"/>
        <line num="420" count="16" type="stmt"/>
        <line num="421" count="251" type="stmt"/>
        <line num="422" count="250" type="cond" truecount="2" falsecount="0"/>
        <line num="428" count="16" type="stmt"/>
        <line num="429" count="32" type="stmt"/>
        <line num="430" count="32" type="cond" truecount="1" falsecount="0"/>
        <line num="433" count="28" type="cond" truecount="1" falsecount="0"/>
        <line num="434" count="26" type="cond" truecount="2" falsecount="0"/>
        <line num="436" count="28" type="stmt"/>
      </file>
      <file name="index.ts" path="/Users/alex.brombal/dev/keck/src/index.ts">
        <metrics statements="14" coveredstatements="14" conditionals="0" coveredconditionals="0" methods="11" coveredmethods="11"/>
        <line num="1" count="16" type="stmt"/>
        <line num="2" count="16" type="stmt"/>
        <line num="3" count="16" type="stmt"/>
        <line num="5" count="16" type="stmt"/>
        <line num="7" count="119" type="stmt"/>
        <line num="8" count="33" type="stmt"/>
        <line num="9" count="84" type="stmt"/>
        <line num="10" count="42" type="stmt"/>
        <line num="11" count="28" type="stmt"/>
        <line num="12" count="48" type="stmt"/>
        <line num="15" count="18" type="stmt"/>
        <line num="17" count="20" type="stmt"/>
        <line num="19" count="18" type="stmt"/>
        <line num="21" count="22" type="stmt"/>
      </file>
      <file name="observableFactories.ts" path="/Users/alex.brombal/dev/keck/src/observableFactories.ts">
        <metrics statements="1" coveredstatements="1" conditionals="0" coveredconditionals="0" methods="0" coveredmethods="0"/>
        <line num="29" count="16" type="stmt"/>
      </file>
      <file name="react.tsx" path="/Users/alex.brombal/dev/keck/src/react.tsx">
        <metrics statements="26" coveredstatements="26" conditionals="1" coveredconditionals="1" methods="10" coveredmethods="10"/>
        <line num="1" count="16" type="stmt"/>
        <line num="2" count="16" type="stmt"/>
        <line num="4" count="16" type="stmt"/>
        <line num="5" count="6" type="stmt"/>
        <line num="6" count="6" type="stmt"/>
        <line num="7" count="6" type="cond" truecount="1" falsecount="0"/>
        <line num="8" count="6" type="stmt"/>
        <line num="11" count="6" type="stmt"/>
        <line num="12" count="6" type="stmt"/>
        <line num="15" count="6" type="stmt"/>
        <line num="16" count="6" type="stmt"/>
        <line num="20" count="6" type="stmt"/>
        <line num="21" count="2" type="stmt"/>
        <line num="22" count="2" type="stmt"/>
        <line num="23" count="2" type="stmt"/>
        <line num="27" count="6" type="stmt"/>
        <line num="30" count="16" type="stmt"/>
        <line num="35" count="2" type="stmt"/>
        <line num="37" count="2" type="stmt"/>
        <line num="38" count="2" type="stmt"/>
        <line num="42" count="5" type="stmt"/>
        <line num="45" count="1" type="stmt"/>
        <line num="46" count="1" type="stmt"/>
        <line num="51" count="2" type="stmt"/>
        <line num="52" count="1" type="stmt"/>
        <line num="55" count="2" type="stmt"/>
      </file>
      <file name="ref.ts" path="/Users/alex.brombal/dev/keck/src/ref.ts">
        <metrics statements="9" coveredstatements="9" conditionals="3" coveredconditionals="3" methods="2" coveredmethods="2"/>
        <line num="1" count="16" type="stmt"/>
        <line num="3" count="16" type="stmt"/>
        <line num="5" count="16" type="stmt"/>
        <line num="6" count="4" type="cond" truecount="2" falsecount="0"/>
        <line num="7" count="4" type="cond" truecount="1" falsecount="0"/>
        <line num="8" count="1" type="stmt"/>
        <line num="9" count="1" type="stmt"/>
        <line num="12" count="16" type="stmt"/>
        <line num="13" count="745" type="stmt"/>
      </file>
    </package>
    <package name="src.factories">
      <metrics statements="112" coveredstatements="112" conditionals="13" coveredconditionals="13" methods="44" coveredmethods="44"/>
      <file name="map.ts" path="/Users/alex.brombal/dev/keck/src/factories/map.ts">
        <metrics statements="43" coveredstatements="43" conditionals="3" coveredconditionals="3" methods="17" coveredmethods="17"/>
        <line num="2" count="16" type="stmt"/>
        <line num="4" count="16" type="stmt"/>
        <line num="6" count="16" type="stmt"/>
        <line num="7" count="18" type="stmt"/>
        <line num="8" count="18" type="stmt"/>
        <line num="12" count="106" type="stmt"/>
        <line num="16" count="6" type="stmt"/>
        <line num="17" count="6" type="stmt"/>
        <line num="18" count="6" type="cond" truecount="1" falsecount="0"/>
        <line num="22" count="12" type="stmt"/>
        <line num="23" count="12" type="cond" truecount="1" falsecount="0"/>
        <line num="24" count="6" type="stmt"/>
        <line num="25" count="6" type="stmt"/>
        <line num="27" count="12" type="stmt"/>
        <line num="31" count="3" type="stmt"/>
        <line num="32" count="9" type="stmt"/>
        <line num="33" count="9" type="stmt"/>
        <line num="35" count="3" type="stmt"/>
        <line num="39" count="10" type="stmt"/>
        <line num="40" count="10" type="stmt"/>
        <line num="44" count="2" type="stmt"/>
        <line num="45" count="2" type="stmt"/>
        <line num="49" count="19" type="stmt"/>
        <line num="50" count="19" type="stmt"/>
        <line num="51" count="19" type="cond" truecount="1" falsecount="0"/>
        <line num="52" count="11" type="stmt"/>
        <line num="53" count="11" type="stmt"/>
        <line num="55" count="19" type="stmt"/>
        <line num="59" count="5" type="stmt"/>
        <line num="64" count="3" type="stmt"/>
        <line num="65" count="3" type="stmt"/>
        <line num="66" count="9" type="stmt"/>
        <line num="67" count="9" type="stmt"/>
        <line num="72" count="1" type="stmt"/>
        <line num="76" count="1" type="stmt"/>
        <line num="77" count="1" type="stmt"/>
        <line num="81" count="1" type="stmt"/>
        <line num="82" count="3" type="stmt"/>
        <line num="87" count="16" type="stmt"/>
        <line num="89" count="18" type="stmt"/>
        <line num="92" count="3" type="stmt"/>
        <line num="93" count="3" type="stmt"/>
        <line num="96" count="6" type="stmt"/>
      </file>
      <file name="object.ts" path="/Users/alex.brombal/dev/keck/src/factories/object.ts">
        <metrics statements="35" coveredstatements="35" conditionals="7" coveredconditionals="7" methods="11" coveredmethods="11"/>
        <line num="1" count="16" type="stmt"/>
        <line num="2" count="16" type="stmt"/>
        <line num="4" count="16" type="stmt"/>
        <line num="6" count="266" type="stmt"/>
        <line num="12" count="11" type="stmt"/>
        <line num="15" count="81" type="stmt"/>
        <line num="16" count="81" type="stmt"/>
        <line num="19" count="26" type="stmt"/>
        <line num="22" count="10" type="stmt"/>
        <line num="23" count="10" type="stmt"/>
        <line num="26" count="756" type="cond" truecount="1" falsecount="0"/>
        <line num="27" count="754" type="stmt"/>
        <line num="28" count="754" type="stmt"/>
        <line num="31" count="131" type="stmt"/>
        <line num="32" count="130" type="stmt"/>
        <line num="33" count="130" type="cond" truecount="1" falsecount="0"/>
        <line num="35" count="121" type="cond" truecount="1" falsecount="0"/>
        <line num="36" count="16" type="stmt"/>
        <line num="38" count="16" type="stmt"/>
        <line num="40" count="16" type="cond" truecount="1" falsecount="0"/>
        <line num="41" count="16" type="cond" truecount="1" falsecount="0"/>
        <line num="43" count="16" type="stmt"/>
        <line num="46" count="105" type="stmt"/>
        <line num="47" count="105" type="stmt"/>
        <line num="48" count="105" type="stmt"/>
        <line num="51" count="5" type="stmt"/>
        <line num="52" count="5" type="cond" truecount="1" falsecount="0"/>
        <line num="53" count="5" type="stmt"/>
        <line num="59" count="162" type="stmt"/>
        <line num="62" count="21" type="cond" truecount="1" falsecount="0"/>
        <line num="63" count="14" type="stmt"/>
        <line num="64" count="14" type="stmt"/>
        <line num="65" count="14" type="stmt"/>
        <line num="69" count="16" type="stmt"/>
        <line num="70" count="16" type="stmt"/>
      </file>
      <file name="set.ts" path="/Users/alex.brombal/dev/keck/src/factories/set.ts">
        <metrics statements="34" coveredstatements="34" conditionals="3" coveredconditionals="3" methods="16" coveredmethods="16"/>
        <line num="2" count="16" type="stmt"/>
        <line num="4" count="16" type="stmt"/>
        <line num="7" count="15" type="stmt"/>
        <line num="8" count="15" type="stmt"/>
        <line num="12" count="99" type="stmt"/>
        <line num="16" count="14" type="stmt"/>
        <line num="17" count="14" type="stmt"/>
        <line num="18" count="14" type="cond" truecount="1" falsecount="0"/>
        <line num="19" count="14" type="stmt"/>
        <line num="23" count="8" type="stmt"/>
        <line num="24" count="8" type="stmt"/>
        <line num="25" count="8" type="cond" truecount="1" falsecount="0"/>
        <line num="29" count="12" type="stmt"/>
        <line num="30" count="12" type="cond" truecount="1" falsecount="0"/>
        <line num="31" count="12" type="stmt"/>
        <line num="35" count="3" type="stmt"/>
        <line num="36" count="9" type="stmt"/>
        <line num="37" count="9" type="stmt"/>
        <line num="39" count="3" type="stmt"/>
        <line num="43" count="9" type="stmt"/>
        <line num="44" count="9" type="stmt"/>
        <line num="48" count="5" type="stmt"/>
        <line num="52" count="4" type="stmt"/>
        <line num="53" count="4" type="stmt"/>
        <line num="54" count="12" type="stmt"/>
        <line num="59" count="1" type="stmt"/>
        <line num="60" count="3" type="stmt"/>
        <line num="65" count="1" type="stmt"/>
        <line num="69" count="1" type="stmt"/>
        <line num="73" count="16" type="stmt"/>
        <line num="75" count="15" type="stmt"/>
        <line num="78" count="3" type="stmt"/>
        <line num="79" count="3" type="stmt"/>
        <line num="82" count="1" type="stmt"/>
      </file>
    </package>
  </project>
</coverage>
