<?xml version="1.0" encoding="UTF-8"?>
<coverage generated="1683488550143" clover="3.2.0">
  <project timestamp="1683488550143" name="All files">
    <metrics statements="200" coveredstatements="200" conditionals="38" coveredconditionals="38" methods="72" coveredmethods="72" elements="310" coveredelements="310" complexity="0" loc="200" ncloc="200" packages="2" files="6" classes="6"/>
    <package name="src">
      <metrics statements="92" coveredstatements="92" conditionals="26" coveredconditionals="26" methods="29" coveredmethods="29"/>
      <file name="createObserver.tsx" path="/Users/alex.brombal/dev/keck/src/createObserver.tsx">
        <metrics statements="70" coveredstatements="70" conditionals="26" coveredconditionals="26" methods="19" coveredmethods="19"/>
        <line num="23" count="11" type="stmt"/>
        <line num="66" count="11" type="stmt"/>
        <line num="71" count="11" type="stmt"/>
        <line num="95" count="11" type="stmt"/>
        <line num="108" count="563" type="cond" truecount="2" falsecount="0"/>
        <line num="109" count="563" type="cond" truecount="1" falsecount="0"/>
        <line num="110" count="290" type="stmt"/>
        <line num="111" count="290" type="stmt"/>
        <line num="114" count="273" type="stmt"/>
        <line num="115" count="273" type="cond" truecount="1" falsecount="0"/>
        <line num="117" count="160" type="stmt"/>
        <line num="126" count="160" type="cond" truecount="2" falsecount="0"/>
        <line num="128" count="57" type="stmt"/>
        <line num="129" count="57" type="stmt"/>
        <line num="131" count="160" type="stmt"/>
        <line num="135" count="450" type="stmt"/>
        <line num="136" count="450" type="cond" truecount="1" falsecount="0"/>
        <line num="139" count="182" type="stmt"/>
        <line num="143" count="1442" type="stmt"/>
        <line num="146" count="465" type="cond" truecount="2" falsecount="0"/>
        <line num="149" count="153" type="stmt"/>
        <line num="153" count="553" type="cond" truecount="1" falsecount="0"/>
        <line num="154" count="15" type="stmt"/>
        <line num="158" count="191" type="cond" truecount="1" falsecount="0"/>
        <line num="159" count="148" type="stmt"/>
        <line num="160" count="148" type="cond" truecount="1" falsecount="0"/>
        <line num="161" count="148" type="stmt"/>
        <line num="162" count="148" type="stmt"/>
        <line num="165" count="538" type="cond" truecount="1" falsecount="0"/>
        <line num="167" count="497" type="stmt"/>
        <line num="168" count="497" type="cond" truecount="1" falsecount="0"/>
        <line num="169" count="385" type="cond" truecount="1" falsecount="0"/>
        <line num="170" count="385" type="stmt"/>
        <line num="175" count="153" type="stmt"/>
        <line num="176" count="153" type="stmt"/>
        <line num="179" count="393" type="cond" truecount="1" falsecount="0"/>
        <line num="181" count="127" type="stmt"/>
        <line num="183" count="127" type="stmt"/>
        <line num="187" count="393" type="stmt"/>
        <line num="189" count="153" type="stmt"/>
        <line num="192" count="393" type="stmt"/>
        <line num="193" count="111" type="stmt"/>
        <line num="197" count="393" type="stmt"/>
        <line num="204" count="393" type="cond" truecount="2" falsecount="0"/>
        <line num="205" count="127" type="stmt"/>
        <line num="206" count="266" type="cond" truecount="1" falsecount="0"/>
        <line num="207" count="133" type="stmt"/>
        <line num="210" count="182" type="stmt"/>
        <line num="211" count="182" type="stmt"/>
        <line num="214" count="11" type="stmt"/>
        <line num="215" count="66" type="stmt"/>
        <line num="216" count="66" type="stmt"/>
        <line num="217" count="66" type="cond" truecount="1" falsecount="0"/>
        <line num="219" count="65" type="stmt"/>
        <line num="225" count="65" type="stmt"/>
        <line num="228" count="5" type="stmt"/>
        <line num="231" count="30" type="stmt"/>
        <line num="234" count="5" type="stmt"/>
        <line num="235" count="5" type="stmt"/>
        <line num="238" count="3" type="stmt"/>
        <line num="239" count="3" type="stmt"/>
        <line num="242" count="1" type="stmt"/>
        <line num="247" count="11" type="cond" truecount="1" falsecount="0"/>
        <line num="248" count="184" type="stmt"/>
        <line num="249" count="184" type="cond" truecount="1" falsecount="0"/>
        <line num="250" count="44" type="cond" truecount="1" falsecount="0"/>
        <line num="251" count="42" type="cond" truecount="2" falsecount="0"/>
        <line num="252" count="38" type="stmt"/>
        <line num="256" count="4" type="stmt"/>
        <line num="261" count="44" type="stmt"/>
      </file>
      <file name="index.ts" path="/Users/alex.brombal/dev/keck/src/index.ts">
        <metrics statements="9" coveredstatements="9" conditionals="0" coveredconditionals="0" methods="5" coveredmethods="5"/>
        <line num="1" count="11" type="stmt"/>
        <line num="2" count="11" type="stmt"/>
        <line num="3" count="11" type="stmt"/>
        <line num="5" count="11" type="stmt"/>
        <line num="7" count="77" type="stmt"/>
        <line num="8" count="58" type="stmt"/>
        <line num="9" count="13" type="stmt"/>
        <line num="12" count="13" type="stmt"/>
        <line num="14" count="15" type="stmt"/>
      </file>
      <file name="react.tsx" path="/Users/alex.brombal/dev/keck/src/react.tsx">
        <metrics statements="13" coveredstatements="13" conditionals="0" coveredconditionals="0" methods="5" coveredmethods="5"/>
        <line num="1" count="11" type="stmt"/>
        <line num="2" count="11" type="stmt"/>
        <line num="4" count="11" type="stmt"/>
        <line num="5" count="4" type="stmt"/>
        <line num="6" count="4" type="stmt"/>
        <line num="7" count="1" type="stmt"/>
        <line num="11" count="4" type="stmt"/>
        <line num="12" count="4" type="stmt"/>
        <line num="15" count="4" type="stmt"/>
        <line num="16" count="4" type="stmt"/>
        <line num="20" count="4" type="stmt"/>
        <line num="21" count="1" type="stmt"/>
        <line num="24" count="4" type="stmt"/>
      </file>
    </package>
    <package name="src.observables">
      <metrics statements="108" coveredstatements="108" conditionals="12" coveredconditionals="12" methods="43" coveredmethods="43"/>
      <file name="map.ts" path="/Users/alex.brombal/dev/keck/src/observables/map.ts">
        <metrics statements="44" coveredstatements="44" conditionals="3" coveredconditionals="3" methods="18" coveredmethods="18"/>
        <line num="1" count="11" type="stmt"/>
        <line num="8" count="11" type="stmt"/>
        <line num="10" count="11" type="stmt"/>
        <line num="11" count="31" type="stmt"/>
        <line num="12" count="31" type="stmt"/>
        <line num="16" count="106" type="stmt"/>
        <line num="20" count="6" type="stmt"/>
        <line num="21" count="6" type="stmt"/>
        <line num="22" count="6" type="cond" truecount="1" falsecount="0"/>
        <line num="26" count="12" type="stmt"/>
        <line num="27" count="12" type="cond" truecount="1" falsecount="0"/>
        <line num="28" count="6" type="stmt"/>
        <line num="29" count="6" type="stmt"/>
        <line num="31" count="12" type="stmt"/>
        <line num="35" count="3" type="stmt"/>
        <line num="36" count="9" type="stmt"/>
        <line num="37" count="9" type="stmt"/>
        <line num="39" count="3" type="stmt"/>
        <line num="43" count="10" type="stmt"/>
        <line num="44" count="10" type="stmt"/>
        <line num="48" count="2" type="stmt"/>
        <line num="49" count="2" type="stmt"/>
        <line num="53" count="19" type="stmt"/>
        <line num="54" count="19" type="stmt"/>
        <line num="55" count="19" type="cond" truecount="1" falsecount="0"/>
        <line num="56" count="11" type="stmt"/>
        <line num="57" count="11" type="stmt"/>
        <line num="59" count="19" type="stmt"/>
        <line num="63" count="5" type="stmt"/>
        <line num="68" count="3" type="stmt"/>
        <line num="69" count="3" type="stmt"/>
        <line num="70" count="9" type="stmt"/>
        <line num="71" count="9" type="stmt"/>
        <line num="76" count="1" type="stmt"/>
        <line num="80" count="1" type="stmt"/>
        <line num="81" count="1" type="stmt"/>
        <line num="85" count="1" type="stmt"/>
        <line num="86" count="3" type="stmt"/>
        <line num="91" count="3" type="stmt"/>
        <line num="95" count="11" type="stmt"/>
        <line num="97" count="31" type="stmt"/>
        <line num="100" count="3" type="stmt"/>
        <line num="101" count="3" type="stmt"/>
        <line num="104" count="43" type="stmt"/>
      </file>
      <file name="object-array.ts" path="/Users/alex.brombal/dev/keck/src/observables/object-array.ts">
        <metrics statements="29" coveredstatements="29" conditionals="6" coveredconditionals="6" methods="8" coveredmethods="8"/>
        <line num="1" count="11" type="stmt"/>
        <line num="9" count="11" type="stmt"/>
        <line num="14" count="194" type="stmt"/>
        <line num="20" count="6" type="stmt"/>
        <line num="23" count="469" type="cond" truecount="1" falsecount="0"/>
        <line num="25" count="433" type="stmt"/>
        <line num="26" count="433" type="stmt"/>
        <line num="29" count="71" type="stmt"/>
        <line num="30" count="71" type="stmt"/>
        <line num="31" count="71" type="cond" truecount="1" falsecount="0"/>
        <line num="33" count="63" type="cond" truecount="1" falsecount="0"/>
        <line num="34" count="12" type="stmt"/>
        <line num="36" count="12" type="stmt"/>
        <line num="38" count="12" type="cond" truecount="1" falsecount="0"/>
        <line num="39" count="12" type="cond" truecount="1" falsecount="0"/>
        <line num="41" count="12" type="stmt"/>
        <line num="44" count="51" type="stmt"/>
        <line num="45" count="51" type="stmt"/>
        <line num="46" count="51" type="stmt"/>
        <line num="49" count="5" type="stmt"/>
        <line num="50" count="5" type="stmt"/>
        <line num="51" count="5" type="stmt"/>
        <line num="57" count="121" type="stmt"/>
        <line num="60" count="61" type="cond" truecount="1" falsecount="0"/>
        <line num="61" count="28" type="stmt"/>
        <line num="62" count="28" type="stmt"/>
        <line num="63" count="28" type="stmt"/>
        <line num="67" count="11" type="stmt"/>
        <line num="68" count="11" type="stmt"/>
      </file>
      <file name="set.ts" path="/Users/alex.brombal/dev/keck/src/observables/set.ts">
        <metrics statements="35" coveredstatements="35" conditionals="3" coveredconditionals="3" methods="17" coveredmethods="17"/>
        <line num="1" count="11" type="stmt"/>
        <line num="7" count="11" type="stmt"/>
        <line num="10" count="28" type="stmt"/>
        <line num="11" count="28" type="stmt"/>
        <line num="15" count="99" type="stmt"/>
        <line num="19" count="14" type="stmt"/>
        <line num="20" count="14" type="stmt"/>
        <line num="21" count="14" type="cond" truecount="1" falsecount="0"/>
        <line num="22" count="14" type="stmt"/>
        <line num="26" count="8" type="stmt"/>
        <line num="27" count="8" type="stmt"/>
        <line num="28" count="8" type="cond" truecount="1" falsecount="0"/>
        <line num="32" count="12" type="stmt"/>
        <line num="33" count="12" type="cond" truecount="1" falsecount="0"/>
        <line num="34" count="12" type="stmt"/>
        <line num="41" count="3" type="stmt"/>
        <line num="42" count="9" type="stmt"/>
        <line num="43" count="9" type="stmt"/>
        <line num="45" count="3" type="stmt"/>
        <line num="49" count="9" type="stmt"/>
        <line num="50" count="9" type="stmt"/>
        <line num="54" count="5" type="stmt"/>
        <line num="58" count="4" type="stmt"/>
        <line num="59" count="4" type="stmt"/>
        <line num="60" count="12" type="stmt"/>
        <line num="65" count="1" type="stmt"/>
        <line num="66" count="3" type="stmt"/>
        <line num="71" count="1" type="stmt"/>
        <line num="75" count="1" type="stmt"/>
        <line num="79" count="5" type="stmt"/>
        <line num="83" count="11" type="stmt"/>
        <line num="85" count="28" type="stmt"/>
        <line num="88" count="3" type="stmt"/>
        <line num="89" count="3" type="stmt"/>
        <line num="92" count="23" type="stmt"/>
      </file>
    </package>
  </project>
</coverage>
