{"/Users/alex.brombal/dev/keck/src/index.ts": {"path":"/Users/alex.brombal/dev/keck/src/index.ts","statementMap":{"0":{"start":{"line":1,"column":0},"end":{"line":1,"column":36}},"1":{"start":{"line":2,"column":0},"end":{"line":2,"column":27}},"2":{"start":{"line":3,"column":0},"end":{"line":3,"column":27}},"3":{"start":{"line":5,"column":0},"end":{"line":5,"column":null}},"4":{"start":{"line":7,"column":2},"end":{"line":7,"column":null}},"5":{"start":{"line":8,"column":2},"end":{"line":8,"column":null}},"6":{"start":{"line":9,"column":2},"end":{"line":9,"column":null}},"7":{"start":{"line":10,"column":2},"end":{"line":10,"column":null}},"8":{"start":{"line":11,"column":2},"end":{"line":11,"column":null}},"9":{"start":{"line":12,"column":2},"end":{"line":12,"column":null}},"10":{"start":{"line":15,"column":0},"end":{"line":15,"column":9}},"11":{"start":{"line":15,"column":9},"end":{"line":15,"column":28}},"12":{"start":{"line":17,"column":0},"end":{"line":17,"column":9}},"13":{"start":{"line":17,"column":9},"end":{"line":17,"column":77}},"14":{"start":{"line":19,"column":0},"end":{"line":19,"column":9}},"15":{"start":{"line":19,"column":9},"end":{"line":19,"column":22}},"16":{"start":{"line":19,"column":22},"end":{"line":19,"column":58}}},"fnMap":{"0":{"name":"(anonymous_0)","decl":{"start":{"line":7,"column":2},"end":{"line":7,"column":9}},"loc":{"start":{"line":7,"column":2},"end":{"line":7,"column":null}}},"1":{"name":"(anonymous_1)","decl":{"start":{"line":8,"column":2},"end":{"line":8,"column":8}},"loc":{"start":{"line":8,"column":2},"end":{"line":8,"column":null}}},"2":{"name":"(anonymous_2)","decl":{"start":{"line":9,"column":2},"end":{"line":9,"column":21}},"loc":{"start":{"line":9,"column":2},"end":{"line":9,"column":null}}},"3":{"name":"(anonymous_3)","decl":{"start":{"line":10,"column":2},"end":{"line":10,"column":11}},"loc":{"start":{"line":10,"column":2},"end":{"line":10,"column":null}}},"4":{"name":"(anonymous_4)","decl":{"start":{"line":11,"column":2},"end":{"line":11,"column":8}},"loc":{"start":{"line":11,"column":2},"end":{"line":11,"column":null}}},"5":{"name":"(anonymous_5)","decl":{"start":{"line":12,"column":2},"end":{"line":12,"column":7}},"loc":{"start":{"line":12,"column":2},"end":{"line":12,"column":null}}},"6":{"name":"(anonymous_6)","decl":{"start":{"line":15,"column":9},"end":{"line":15,"column":12}},"loc":{"start":{"line":15,"column":9},"end":{"line":15,"column":28}}},"7":{"name":"(anonymous_7)","decl":{"start":{"line":17,"column":9},"end":{"line":17,"column":40}},"loc":{"start":{"line":17,"column":9},"end":{"line":17,"column":77}}},"8":{"name":"(anonymous_8)","decl":{"start":{"line":19,"column":9},"end":{"line":19,"column":20}},"loc":{"start":{"line":19,"column":9},"end":{"line":19,"column":22}}},"9":{"name":"(anonymous_9)","decl":{"start":{"line":19,"column":22},"end":{"line":19,"column":40}},"loc":{"start":{"line":19,"column":22},"end":{"line":19,"column":58}}}},"branchMap":{},"s":{"0":15,"1":15,"2":15,"3":15,"4":117,"5":62,"6":17,"7":81,"8":41,"9":27,"10":15,"11":19,"12":15,"13":17,"14":15,"15":21,"16":17},"f":{"0":102,"1":47,"2":2,"3":66,"4":26,"5":12,"6":4,"7":2,"8":6,"9":2},"b":{}}
,"/Users/alex.brombal/dev/keck/src/observe.ts": {"path":"/Users/alex.brombal/dev/keck/src/observe.ts","statementMap":{"0":{"start":{"line":1,"column":0},"end":{"line":1,"column":30}},"1":{"start":{"line":38,"column":23},"end":{"line":38,"column":37}},"2":{"start":{"line":45,"column":29},"end":{"line":45,"column":81}},"3":{"start":{"line":83,"column":13},"end":{"line":86,"column":4}},"4":{"start":{"line":110,"column":21},"end":{"line":110,"column":52}},"5":{"start":{"line":117,"column":18},"end":{"line":117,"column":67}},"6":{"start":{"line":118,"column":2},"end":{"line":118,"column":33}},"7":{"start":{"line":118,"column":16},"end":{"line":118,"column":33}},"8":{"start":{"line":120,"column":17},"end":{"line":120,"column":83}},"9":{"start":{"line":121,"column":2},"end":{"line":124,"column":null}},"10":{"start":{"line":122,"column":4},"end":{"line":122,"column":27}},"11":{"start":{"line":123,"column":4},"end":{"line":123,"column":20}},"12":{"start":{"line":126,"column":2},"end":{"line":134,"column":4}},"13":{"start":{"line":135,"column":2},"end":{"line":135,"column":56}},"14":{"start":{"line":135,"column":14},"end":{"line":135,"column":56}},"15":{"start":{"line":136,"column":2},"end":{"line":136,"column":36}},"16":{"start":{"line":137,"column":2},"end":{"line":137,"column":18}},"17":{"start":{"line":141,"column":21},"end":{"line":141,"column":63}},"18":{"start":{"line":142,"column":2},"end":{"line":142,"column":92}},"19":{"start":{"line":142,"column":21},"end":{"line":142,"column":92}},"20":{"start":{"line":144,"column":18},"end":{"line":144,"column":44}},"21":{"start":{"line":146,"column":36},"end":{"line":146,"column":69}},"22":{"start":{"line":147,"column":2},"end":{"line":147,"column":70}},"23":{"start":{"line":147,"column":18},"end":{"line":147,"column":70}},"24":{"start":{"line":154,"column":2},"end":{"line":158,"column":null}},"25":{"start":{"line":155,"column":4},"end":{"line":155,"column":66}},"26":{"start":{"line":155,"column":36},"end":{"line":155,"column":66}},"27":{"start":{"line":157,"column":4},"end":{"line":157,"column":22}},"28":{"start":{"line":160,"column":2},"end":{"line":160,"column":63}},"29":{"start":{"line":160,"column":31},"end":{"line":160,"column":61}},"30":{"start":{"line":167,"column":12},"end":{"line":167,"column":49}},"31":{"start":{"line":170,"column":2},"end":{"line":173,"column":null}},"32":{"start":{"line":171,"column":4},"end":{"line":171,"column":20}},"33":{"start":{"line":172,"column":4},"end":{"line":172,"column":45}},"34":{"start":{"line":174,"column":2},"end":{"line":174,"column":22}},"35":{"start":{"line":174,"column":11},"end":{"line":174,"column":22}},"36":{"start":{"line":176,"column":2},"end":{"line":250,"column":4}},"37":{"start":{"line":182,"column":6},"end":{"line":182,"column":33}},"38":{"start":{"line":186,"column":6},"end":{"line":186,"column":84}},"39":{"start":{"line":186,"column":44},"end":{"line":186,"column":84}},"40":{"start":{"line":189,"column":24},"end":{"line":189,"column":105}},"41":{"start":{"line":190,"column":6},"end":{"line":197,"column":null}},"42":{"start":{"line":191,"column":8},"end":{"line":195,"column":60}},"43":{"start":{"line":195,"column":10},"end":{"line":195,"column":60}},"44":{"start":{"line":196,"column":8},"end":{"line":196,"column":68}},"45":{"start":{"line":200,"column":6},"end":{"line":200,"column":85}},"46":{"start":{"line":200,"column":35},"end":{"line":200,"column":85}},"47":{"start":{"line":201,"column":6},"end":{"line":201,"column":24}},"48":{"start":{"line":205,"column":6},"end":{"line":206,"column":70}},"49":{"start":{"line":206,"column":8},"end":{"line":206,"column":70}},"50":{"start":{"line":211,"column":6},"end":{"line":213,"column":null}},"51":{"start":{"line":212,"column":8},"end":{"line":212,"column":74}},"52":{"start":{"line":216,"column":6},"end":{"line":216,"column":76}},"53":{"start":{"line":216,"column":19},"end":{"line":216,"column":76}},"54":{"start":{"line":219,"column":6},"end":{"line":234,"column":9}},"55":{"start":{"line":220,"column":50},"end":{"line":220,"column":59}},"56":{"start":{"line":221,"column":8},"end":{"line":231,"column":null}},"57":{"start":{"line":222,"column":10},"end":{"line":222,"column":33}},"58":{"start":{"line":223,"column":10},"end":{"line":230,"column":null}},"59":{"start":{"line":224,"column":12},"end":{"line":224,"column":38}},"60":{"start":{"line":225,"column":29},"end":{"line":225,"column":50}},"61":{"start":{"line":226,"column":12},"end":{"line":227,"column":95}},"62":{"start":{"line":228,"column":12},"end":{"line":228,"column":42}},"63":{"start":{"line":229,"column":12},"end":{"line":229,"column":39}},"64":{"start":{"line":232,"column":8},"end":{"line":233,"column":99}},"65":{"start":{"line":233,"column":10},"end":{"line":233,"column":99}},"66":{"start":{"line":237,"column":6},"end":{"line":241,"column":8}},"67":{"start":{"line":244,"column":6},"end":{"line":248,"column":10}},"68":{"start":{"line":245,"column":8},"end":{"line":248,"column":10}},"69":{"start":{"line":251,"column":2},"end":{"line":251,"column":56}},"70":{"start":{"line":252,"column":2},"end":{"line":252,"column":45}},"71":{"start":{"line":253,"column":2},"end":{"line":253,"column":48}},"72":{"start":{"line":254,"column":2},"end":{"line":254,"column":34}},"73":{"start":{"line":255,"column":2},"end":{"line":255,"column":13}},"74":{"start":{"line":268,"column":2},"end":{"line":269,"column":64}},"75":{"start":{"line":268,"column":25},"end":{"line":268,"column":65}},"76":{"start":{"line":269,"column":7},"end":{"line":269,"column":64}},"77":{"start":{"line":267,"column":0},"end":{"line":267,"column":16}},"78":{"start":{"line":275,"column":19},"end":{"line":275,"column":96}},"79":{"start":{"line":276,"column":2},"end":{"line":276,"column":65}},"80":{"start":{"line":276,"column":17},"end":{"line":276,"column":65}},"81":{"start":{"line":278,"column":36},"end":{"line":283,"column":4}},"82":{"start":{"line":284,"column":14},"end":{"line":284,"column":54}},"83":{"start":{"line":285,"column":2},"end":{"line":285,"column":18}},"84":{"start":{"line":287,"column":2},"end":{"line":287,"column":33}},"85":{"start":{"line":272,"column":0},"end":{"line":272,"column":16}},"86":{"start":{"line":296,"column":23},"end":{"line":297,"column":null}},"87":{"start":{"line":297,"column":4},"end":{"line":297,"column":53}},"88":{"start":{"line":299,"column":2},"end":{"line":299,"column":43}},"89":{"start":{"line":299,"column":15},"end":{"line":299,"column":32}},"90":{"start":{"line":300,"column":2},"end":{"line":300,"column":39}},"91":{"start":{"line":301,"column":2},"end":{"line":301,"column":15}},"92":{"start":{"line":290,"column":0},"end":{"line":290,"column":16}},"93":{"start":{"line":318,"column":2},"end":{"line":318,"column":42}},"94":{"start":{"line":318,"column":22},"end":{"line":318,"column":42}},"95":{"start":{"line":319,"column":2},"end":{"line":319,"column":43}},"96":{"start":{"line":320,"column":17},"end":{"line":320,"column":56}},"97":{"start":{"line":321,"column":2},"end":{"line":321,"column":29}},"98":{"start":{"line":322,"column":2},"end":{"line":322,"column":15}},"99":{"start":{"line":314,"column":0},"end":{"line":314,"column":16}},"100":{"start":{"line":332,"column":22},"end":{"line":337,"column":2}},"101":{"start":{"line":332,"column":48},"end":{"line":337,"column":2}},"102":{"start":{"line":340,"column":14},"end":{"line":340,"column":50}},"103":{"start":{"line":341,"column":2},"end":{"line":341,"column":83}},"104":{"start":{"line":341,"column":18},"end":{"line":341,"column":83}},"105":{"start":{"line":342,"column":2},"end":{"line":342,"column":46}},"106":{"start":{"line":339,"column":0},"end":{"line":339,"column":16}},"107":{"start":{"line":346,"column":14},"end":{"line":346,"column":50}},"108":{"start":{"line":347,"column":2},"end":{"line":347,"column":79}},"109":{"start":{"line":347,"column":18},"end":{"line":347,"column":79}},"110":{"start":{"line":348,"column":2},"end":{"line":348,"column":54}},"111":{"start":{"line":349,"column":2},"end":{"line":349,"column":59}},"112":{"start":{"line":349,"column":47},"end":{"line":349,"column":57}},"113":{"start":{"line":350,"column":2},"end":{"line":350,"column":33}},"114":{"start":{"line":345,"column":0},"end":{"line":345,"column":16}},"115":{"start":{"line":358,"column":14},"end":{"line":358,"column":64}},"116":{"start":{"line":359,"column":2},"end":{"line":359,"column":30}},"117":{"start":{"line":359,"column":12},"end":{"line":359,"column":30}},"118":{"start":{"line":361,"column":2},"end":{"line":367,"column":null}},"119":{"start":{"line":362,"column":4},"end":{"line":366,"column":6}},"120":{"start":{"line":368,"column":2},"end":{"line":368,"column":33}},"121":{"start":{"line":357,"column":0},"end":{"line":357,"column":16}}},"fnMap":{"0":{"name":"getDataNode","decl":{"start":{"line":112,"column":9},"end":{"line":112,"column":20}},"loc":{"start":{"line":115,"column":19},"end":{"line":138,"column":1}}},"1":{"name":"createObservation","decl":{"start":{"line":140,"column":9},"end":{"line":140,"column":26}},"loc":{"start":{"line":140,"column":97},"end":{"line":161,"column":1}}},"2":{"name":"(anonymous_2)","decl":{"start":{"line":160,"column":25},"end":{"line":160,"column":28}},"loc":{"start":{"line":160,"column":31},"end":{"line":160,"column":61}}},"3":{"name":"getObservableContext","decl":{"start":{"line":163,"column":9},"end":{"line":163,"column":29}},"loc":{"start":{"line":165,"column":20},"end":{"line":256,"column":1}}},"4":{"name":"(anonymous_4)","decl":{"start":{"line":181,"column":4},"end":{"line":181,"column":8}},"loc":{"start":{"line":181,"column":13},"end":{"line":183,"column":5}}},"5":{"name":"(anonymous_5)","decl":{"start":{"line":184,"column":4},"end":{"line":184,"column":21}},"loc":{"start":{"line":184,"column":73},"end":{"line":202,"column":5}}},"6":{"name":"(anonymous_6)","decl":{"start":{"line":203,"column":4},"end":{"line":203,"column":20}},"loc":{"start":{"line":203,"column":81},"end":{"line":249,"column":5}}},"7":{"name":"(anonymous_7)","decl":{"start":{"line":219,"column":63},"end":{"line":219,"column":64}},"loc":{"start":{"line":219,"column":87},"end":{"line":234,"column":7}}},"8":{"name":"observe","decl":{"start":{"line":267,"column":16},"end":{"line":267,"column":23}},"loc":{"start":{"line":267,"column":36},"end":{"line":270,"column":1}}},"9":{"name":"createObserver","decl":{"start":{"line":272,"column":16},"end":{"line":272,"column":30}},"loc":{"start":{"line":272,"column":78},"end":{"line":288,"column":1}}},"10":{"name":"createSelectorObserver","decl":{"start":{"line":290,"column":16},"end":{"line":290,"column":38}},"loc":{"start":{"line":294,"column":56},"end":{"line":302,"column":1}}},"11":{"name":"(anonymous_11)","decl":{"start":{"line":296,"column":37},"end":{"line":296,"column":38}},"loc":{"start":{"line":297,"column":4},"end":{"line":297,"column":53}}},"12":{"name":"(anonymous_12)","decl":{"start":{"line":299,"column":9},"end":{"line":299,"column":12}},"loc":{"start":{"line":299,"column":15},"end":{"line":299,"column":32}}},"13":{"name":"select","decl":{"start":{"line":314,"column":16},"end":{"line":314,"column":22}},"loc":{"start":{"line":316,"column":45},"end":{"line":323,"column":1}}},"14":{"name":"(anonymous_14)","decl":{"start":{"line":332,"column":22},"end":{"line":332,"column":44}},"loc":{"start":{"line":332,"column":48},"end":{"line":337,"column":2}}},"15":{"name":"configure","decl":{"start":{"line":339,"column":16},"end":{"line":339,"column":25}},"loc":{"start":{"line":339,"column":81},"end":{"line":343,"column":1}}},"16":{"name":"reset","decl":{"start":{"line":345,"column":16},"end":{"line":345,"column":21}},"loc":{"start":{"line":345,"column":40},"end":{"line":351,"column":1}}},"17":{"name":"(anonymous_17)","decl":{"start":{"line":349,"column":33},"end":{"line":349,"column":34}},"loc":{"start":{"line":349,"column":47},"end":{"line":349,"column":57}}},"18":{"name":"unwrap","decl":{"start":{"line":357,"column":16},"end":{"line":357,"column":22}},"loc":{"start":{"line":357,"column":55},"end":{"line":369,"column":1}}}},"branchMap":{"0":{"loc":{"start":{"line":118,"column":2},"end":{"line":118,"column":33}},"type":"if","locations":[{"start":{"line":118,"column":2},"end":{"line":118,"column":33}}]},"1":{"loc":{"start":{"line":120,"column":17},"end":{"line":120,"column":83}},"type":"cond-expr","locations":[{"start":{"line":120,"column":26},"end":{"line":120,"column":57}},{"start":{"line":120,"column":60},"end":{"line":120,"column":83}}]},"2":{"loc":{"start":{"line":121,"column":2},"end":{"line":124,"column":null}},"type":"if","locations":[{"start":{"line":121,"column":2},"end":{"line":124,"column":null}}]},"3":{"loc":{"start":{"line":135,"column":2},"end":{"line":135,"column":56}},"type":"if","locations":[{"start":{"line":135,"column":2},"end":{"line":135,"column":56}}]},"4":{"loc":{"start":{"line":142,"column":2},"end":{"line":142,"column":92}},"type":"if","locations":[{"start":{"line":142,"column":2},"end":{"line":142,"column":92}}]},"5":{"loc":{"start":{"line":146,"column":36},"end":{"line":146,"column":69}},"type":"binary-expr","locations":[{"start":{"line":146,"column":36},"end":{"line":146,"column":45}},{"start":{"line":146,"column":49},"end":{"line":146,"column":69}}]},"6":{"loc":{"start":{"line":147,"column":2},"end":{"line":147,"column":70}},"type":"if","locations":[{"start":{"line":147,"column":2},"end":{"line":147,"column":70}}]},"7":{"loc":{"start":{"line":154,"column":2},"end":{"line":158,"column":null}},"type":"if","locations":[{"start":{"line":154,"column":2},"end":{"line":158,"column":null}},{"start":{"line":156,"column":9},"end":{"line":158,"column":null}}]},"8":{"loc":{"start":{"line":155,"column":4},"end":{"line":155,"column":66}},"type":"if","locations":[{"start":{"line":155,"column":4},"end":{"line":155,"column":66}}]},"9":{"loc":{"start":{"line":170,"column":2},"end":{"line":173,"column":null}},"type":"if","locations":[{"start":{"line":170,"column":2},"end":{"line":173,"column":null}}]},"10":{"loc":{"start":{"line":170,"column":6},"end":{"line":170,"column":45}},"type":"binary-expr","locations":[{"start":{"line":170,"column":6},"end":{"line":170,"column":9}},{"start":{"line":170,"column":13},"end":{"line":170,"column":45}}]},"11":{"loc":{"start":{"line":174,"column":2},"end":{"line":174,"column":22}},"type":"if","locations":[{"start":{"line":174,"column":2},"end":{"line":174,"column":22}}]},"12":{"loc":{"start":{"line":184,"column":46},"end":{"line":184,"column":73}},"type":"default-arg","locations":[{"start":{"line":184,"column":68},"end":{"line":184,"column":73}}]},"13":{"loc":{"start":{"line":186,"column":6},"end":{"line":186,"column":84}},"type":"if","locations":[{"start":{"line":186,"column":6},"end":{"line":186,"column":84}}]},"14":{"loc":{"start":{"line":189,"column":24},"end":{"line":189,"column":105}},"type":"binary-expr","locations":[{"start":{"line":189,"column":24},"end":{"line":189,"column":34}},{"start":{"line":189,"column":38},"end":{"line":189,"column":56}},{"start":{"line":189,"column":60},"end":{"line":189,"column":105}}]},"15":{"loc":{"start":{"line":190,"column":6},"end":{"line":197,"column":null}},"type":"if","locations":[{"start":{"line":190,"column":6},"end":{"line":197,"column":null}}]},"16":{"loc":{"start":{"line":191,"column":8},"end":{"line":195,"column":60}},"type":"if","locations":[{"start":{"line":191,"column":8},"end":{"line":195,"column":60}}]},"17":{"loc":{"start":{"line":192,"column":10},"end":{"line":193,"column":82}},"type":"binary-expr","locations":[{"start":{"line":192,"column":10},"end":{"line":192,"column":33}},{"start":{"line":193,"column":11},"end":{"line":193,"column":25}},{"start":{"line":193,"column":29},"end":{"line":193,"column":58}},{"start":{"line":193,"column":62},"end":{"line":193,"column":81}}]},"18":{"loc":{"start":{"line":200,"column":6},"end":{"line":200,"column":85}},"type":"if","locations":[{"start":{"line":200,"column":6},"end":{"line":200,"column":85}}]},"19":{"loc":{"start":{"line":205,"column":6},"end":{"line":206,"column":70}},"type":"if","locations":[{"start":{"line":205,"column":6},"end":{"line":206,"column":70}}]},"20":{"loc":{"start":{"line":205,"column":10},"end":{"line":205,"column":50}},"type":"binary-expr","locations":[{"start":{"line":205,"column":10},"end":{"line":205,"column":31}},{"start":{"line":205,"column":35},"end":{"line":205,"column":50}}]},"21":{"loc":{"start":{"line":211,"column":6},"end":{"line":213,"column":null}},"type":"if","locations":[{"start":{"line":211,"column":6},"end":{"line":213,"column":null}}]},"22":{"loc":{"start":{"line":211,"column":10},"end":{"line":211,"column":86}},"type":"binary-expr","locations":[{"start":{"line":211,"column":11},"end":{"line":211,"column":32}},{"start":{"line":211,"column":36},"end":{"line":211,"column":43}},{"start":{"line":211,"column":48},"end":{"line":211,"column":86}}]},"23":{"loc":{"start":{"line":216,"column":6},"end":{"line":216,"column":76}},"type":"if","locations":[{"start":{"line":216,"column":6},"end":{"line":216,"column":76}}]},"24":{"loc":{"start":{"line":221,"column":8},"end":{"line":231,"column":null}},"type":"if","locations":[{"start":{"line":221,"column":8},"end":{"line":231,"column":null}}]},"25":{"loc":{"start":{"line":227,"column":14},"end":{"line":227,"column":94}},"type":"binary-expr","locations":[{"start":{"line":227,"column":14},"end":{"line":227,"column":28}},{"start":{"line":227,"column":32},"end":{"line":227,"column":94}}]},"26":{"loc":{"start":{"line":227,"column":34},"end":{"line":227,"column":63}},"type":"binary-expr","locations":[{"start":{"line":227,"column":34},"end":{"line":227,"column":50}},{"start":{"line":227,"column":54},"end":{"line":227,"column":63}}]},"27":{"loc":{"start":{"line":232,"column":8},"end":{"line":233,"column":99}},"type":"if","locations":[{"start":{"line":232,"column":8},"end":{"line":233,"column":99}}]},"28":{"loc":{"start":{"line":232,"column":12},"end":{"line":232,"column":96}},"type":"binary-expr","locations":[{"start":{"line":232,"column":12},"end":{"line":232,"column":35}},{"start":{"line":232,"column":40},"end":{"line":232,"column":63}},{"start":{"line":232,"column":67},"end":{"line":232,"column":95}}]},"29":{"loc":{"start":{"line":233,"column":30},"end":{"line":233,"column":65}},"type":"binary-expr","locations":[{"start":{"line":233,"column":30},"end":{"line":233,"column":47}},{"start":{"line":233,"column":51},"end":{"line":233,"column":65}}]},"30":{"loc":{"start":{"line":233,"column":67},"end":{"line":233,"column":97}},"type":"binary-expr","locations":[{"start":{"line":233,"column":67},"end":{"line":233,"column":78}},{"start":{"line":233,"column":82},"end":{"line":233,"column":97}}]},"31":{"loc":{"start":{"line":244,"column":6},"end":{"line":248,"column":10}},"type":"if","locations":[{"start":{"line":244,"column":6},"end":{"line":248,"column":10}}]},"32":{"loc":{"start":{"line":245,"column":39},"end":{"line":245,"column":66}},"type":"binary-expr","locations":[{"start":{"line":245,"column":39},"end":{"line":245,"column":54}},{"start":{"line":245,"column":58},"end":{"line":245,"column":66}}]},"33":{"loc":{"start":{"line":247,"column":10},"end":{"line":247,"column":47}},"type":"binary-expr","locations":[{"start":{"line":247,"column":10},"end":{"line":247,"column":16}},{"start":{"line":247,"column":20},"end":{"line":247,"column":47}}]},"34":{"loc":{"start":{"line":268,"column":2},"end":{"line":269,"column":64}},"type":"if","locations":[{"start":{"line":268,"column":2},"end":{"line":269,"column":64}},{"start":{"line":269,"column":7},"end":{"line":269,"column":64}}]},"35":{"loc":{"start":{"line":275,"column":19},"end":{"line":275,"column":96}},"type":"binary-expr","locations":[{"start":{"line":275,"column":19},"end":{"line":275,"column":59}},{"start":{"line":275,"column":63},"end":{"line":275,"column":96}}]},"36":{"loc":{"start":{"line":276,"column":2},"end":{"line":276,"column":65}},"type":"if","locations":[{"start":{"line":276,"column":2},"end":{"line":276,"column":65}}]},"37":{"loc":{"start":{"line":294,"column":2},"end":{"line":294,"column":56}},"type":"default-arg","locations":[{"start":{"line":294,"column":47},"end":{"line":294,"column":56}}]},"38":{"loc":{"start":{"line":318,"column":2},"end":{"line":318,"column":42}},"type":"if","locations":[{"start":{"line":318,"column":2},"end":{"line":318,"column":42}}]},"39":{"loc":{"start":{"line":341,"column":2},"end":{"line":341,"column":83}},"type":"if","locations":[{"start":{"line":341,"column":2},"end":{"line":341,"column":83}}]},"40":{"loc":{"start":{"line":347,"column":2},"end":{"line":347,"column":79}},"type":"if","locations":[{"start":{"line":347,"column":2},"end":{"line":347,"column":79}}]},"41":{"loc":{"start":{"line":357,"column":41},"end":{"line":357,"column":55}},"type":"default-arg","locations":[{"start":{"line":357,"column":51},"end":{"line":357,"column":55}}]},"42":{"loc":{"start":{"line":359,"column":2},"end":{"line":359,"column":30}},"type":"if","locations":[{"start":{"line":359,"column":2},"end":{"line":359,"column":30}}]},"43":{"loc":{"start":{"line":361,"column":2},"end":{"line":367,"column":null}},"type":"if","locations":[{"start":{"line":361,"column":2},"end":{"line":367,"column":null}}]},"44":{"loc":{"start":{"line":361,"column":6},"end":{"line":361,"column":44}},"type":"binary-expr","locations":[{"start":{"line":361,"column":6},"end":{"line":361,"column":13}},{"start":{"line":361,"column":17},"end":{"line":361,"column":44}}]},"45":{"loc":{"start":{"line":362,"column":39},"end":{"line":362,"column":74}},"type":"binary-expr","locations":[{"start":{"line":362,"column":39},"end":{"line":362,"column":58}},{"start":{"line":362,"column":62},"end":{"line":362,"column":74}}]}},"s":{"0":15,"1":15,"2":15,"3":15,"4":15,"5":842,"6":842,"7":224,"8":618,"9":618,"10":376,"11":376,"12":242,"13":242,"14":150,"15":242,"16":242,"17":251,"18":251,"19":162,"20":251,"21":251,"22":251,"23":179,"24":251,"25":55,"26":51,"27":196,"28":251,"29":7,"30":1015,"31":1015,"32":30,"33":30,"34":1015,"35":715,"36":300,"37":2786,"38":952,"39":21,"40":931,"41":931,"42":520,"43":62,"44":520,"45":411,"46":189,"47":411,"48":549,"49":27,"50":549,"51":46,"52":549,"53":190,"54":549,"55":169,"56":169,"57":30,"58":30,"59":30,"60":30,"61":30,"62":30,"63":30,"64":169,"65":150,"66":549,"67":549,"68":359,"69":300,"70":300,"71":300,"72":300,"73":300,"74":108,"75":102,"76":6,"77":15,"78":102,"79":102,"80":1,"81":101,"82":101,"83":101,"84":101,"85":15,"86":6,"87":5,"88":6,"89":12,"90":6,"91":6,"92":15,"93":32,"94":20,"95":12,"96":12,"97":12,"98":12,"99":15,"100":15,"101":112,"102":72,"103":72,"104":1,"105":71,"106":15,"107":12,"108":12,"109":1,"110":11,"111":11,"112":7,"113":11,"114":15,"115":175,"116":175,"117":132,"118":43,"119":35,"120":43,"121":15},"f":{"0":842,"1":251,"2":7,"3":1015,"4":2786,"5":952,"6":549,"7":169,"8":108,"9":102,"10":6,"11":5,"12":12,"13":32,"14":112,"15":72,"16":12,"17":7,"18":175},"b":{"0":[224],"1":[520,98],"2":[376],"3":[150],"4":[162],"5":[251,72],"6":[179],"7":[55,196],"8":[51],"9":[30],"10":[1015,745],"11":[715],"12":[917],"13":[21],"14":[931,746,743],"15":[520],"16":[62],"17":[520,400,376,373],"18":[189],"19":[27],"20":[549,83],"21":[46],"22":[549,466,245],"23":[190],"24":[30],"25":[30,30],"26":[30,24],"27":[150],"28":[169,167,154],"29":[150,103],"30":[150,103],"31":[359],"32":[359,190],"33":[359,190],"34":[102,6],"35":[102,99],"36":[1],"37":[6],"38":[20],"39":[1],"40":[1],"41":[46],"42":[132],"43":[35],"44":[43,39],"45":[35,3]}}
,"/Users/alex.brombal/dev/keck/src/react.tsx": {"path":"/Users/alex.brombal/dev/keck/src/react.tsx","statementMap":{"0":{"start":{"line":1,"column":0},"end":{"line":1,"column":null}},"1":{"start":{"line":9,"column":0},"end":{"line":9,"column":47}},"2":{"start":{"line":12,"column":28},"end":{"line":12,"column":40}},"3":{"start":{"line":13,"column":14},"end":{"line":13,"column":29}},"4":{"start":{"line":14,"column":2},"end":{"line":15,"column":57}},"5":{"start":{"line":15,"column":4},"end":{"line":15,"column":57}},"6":{"start":{"line":15,"column":38},"end":{"line":15,"column":55}},"7":{"start":{"line":16,"column":16},"end":{"line":16,"column":27}},"8":{"start":{"line":19,"column":2},"end":{"line":19,"column":15}},"9":{"start":{"line":20,"column":2},"end":{"line":20,"column":36}},"10":{"start":{"line":23,"column":2},"end":{"line":25,"column":5}},"11":{"start":{"line":24,"column":4},"end":{"line":24,"column":41}},"12":{"start":{"line":28,"column":2},"end":{"line":33,"column":14}},"13":{"start":{"line":29,"column":4},"end":{"line":32,"column":6}},"14":{"start":{"line":30,"column":6},"end":{"line":30,"column":19}},"15":{"start":{"line":31,"column":6},"end":{"line":31,"column":43}},"16":{"start":{"line":35,"column":2},"end":{"line":35,"column":15}},"17":{"start":{"line":11,"column":0},"end":{"line":11,"column":16}},"18":{"start":{"line":43,"column":28},"end":{"line":43,"column":40}},"19":{"start":{"line":45,"column":28},"end":{"line":45,"column":53}},"20":{"start":{"line":46,"column":16},"end":{"line":57,"column":11}},"21":{"start":{"line":50,"column":8},"end":{"line":50,"column":61}},"22":{"start":{"line":53,"column":8},"end":{"line":53,"column":20}},"23":{"start":{"line":54,"column":8},"end":{"line":54,"column":26}},"24":{"start":{"line":59,"column":2},"end":{"line":61,"column":9}},"25":{"start":{"line":60,"column":4},"end":{"line":60,"column":30}},"26":{"start":{"line":60,"column":17},"end":{"line":60,"column":29}},"27":{"start":{"line":63,"column":2},"end":{"line":63,"column":63}},"28":{"start":{"line":38,"column":0},"end":{"line":38,"column":16}}},"fnMap":{"0":{"name":"useObserver","decl":{"start":{"line":11,"column":16},"end":{"line":11,"column":27}},"loc":{"start":{"line":11,"column":61},"end":{"line":36,"column":1}}},"1":{"name":"(anonymous_1)","decl":{"start":{"line":15,"column":32},"end":{"line":15,"column":35}},"loc":{"start":{"line":15,"column":38},"end":{"line":15,"column":55}}},"2":{"name":"(anonymous_2)","decl":{"start":{"line":23,"column":12},"end":{"line":23,"column":15}},"loc":{"start":{"line":23,"column":17},"end":{"line":25,"column":3}}},"3":{"name":"(anonymous_3)","decl":{"start":{"line":28,"column":12},"end":{"line":28,"column":15}},"loc":{"start":{"line":28,"column":17},"end":{"line":33,"column":3}}},"4":{"name":"(anonymous_4)","decl":{"start":{"line":29,"column":11},"end":{"line":29,"column":14}},"loc":{"start":{"line":29,"column":16},"end":{"line":32,"column":5}}},"5":{"name":"useObserveSelector","decl":{"start":{"line":38,"column":16},"end":{"line":38,"column":34}},"loc":{"start":{"line":41,"column":44},"end":{"line":64,"column":1}}},"6":{"name":"(anonymous_6)","decl":{"start":{"line":49,"column":6},"end":{"line":49,"column":7}},"loc":{"start":{"line":49,"column":16},"end":{"line":51,"column":7}}},"7":{"name":"(anonymous_7)","decl":{"start":{"line":52,"column":6},"end":{"line":52,"column":7}},"loc":{"start":{"line":52,"column":12},"end":{"line":55,"column":7}}},"8":{"name":"(anonymous_8)","decl":{"start":{"line":59,"column":12},"end":{"line":59,"column":15}},"loc":{"start":{"line":59,"column":17},"end":{"line":61,"column":3}}},"9":{"name":"(anonymous_9)","decl":{"start":{"line":60,"column":11},"end":{"line":60,"column":14}},"loc":{"start":{"line":60,"column":17},"end":{"line":60,"column":29}}}},"branchMap":{"0":{"loc":{"start":{"line":14,"column":2},"end":{"line":15,"column":57}},"type":"if","locations":[{"start":{"line":14,"column":2},"end":{"line":15,"column":57}}]}},"s":{"0":15,"1":15,"2":6,"3":6,"4":6,"5":2,"6":2,"7":6,"8":6,"9":6,"10":6,"11":6,"12":6,"13":2,"14":2,"15":2,"16":6,"17":15,"18":2,"19":2,"20":2,"21":5,"22":1,"23":1,"24":2,"25":1,"26":1,"27":2,"28":15},"f":{"0":6,"1":2,"2":6,"3":2,"4":2,"5":2,"6":5,"7":1,"8":1,"9":1},"b":{"0":[2]}}
,"/Users/alex.brombal/dev/keck/src/ref.ts": {"path":"/Users/alex.brombal/dev/keck/src/ref.ts","statementMap":{"0":{"start":{"line":1,"column":0},"end":{"line":1,"column":48}},"1":{"start":{"line":3,"column":13},"end":{"line":3,"column":26}},"2":{"start":{"line":6,"column":18},"end":{"line":6,"column":76}},"3":{"start":{"line":7,"column":2},"end":{"line":7,"column":29}},"4":{"start":{"line":7,"column":16},"end":{"line":7,"column":29}},"5":{"start":{"line":8,"column":3},"end":{"line":8,"column":30}},"6":{"start":{"line":9,"column":2},"end":{"line":9,"column":15}},"7":{"start":{"line":5,"column":0},"end":{"line":5,"column":16}},"8":{"start":{"line":13,"column":2},"end":{"line":13,"column":34}},"9":{"start":{"line":12,"column":0},"end":{"line":12,"column":16}}},"fnMap":{"0":{"name":"ref","decl":{"start":{"line":5,"column":16},"end":{"line":5,"column":19}},"loc":{"start":{"line":5,"column":31},"end":{"line":10,"column":1}}},"1":{"name":"isRef","decl":{"start":{"line":12,"column":16},"end":{"line":12,"column":21}},"loc":{"start":{"line":12,"column":33},"end":{"line":14,"column":1}}}},"branchMap":{"0":{"loc":{"start":{"line":6,"column":18},"end":{"line":6,"column":76}},"type":"binary-expr","locations":[{"start":{"line":6,"column":18},"end":{"line":6,"column":23}},{"start":{"line":6,"column":27},"end":{"line":6,"column":76}}]},"1":{"loc":{"start":{"line":7,"column":2},"end":{"line":7,"column":29}},"type":"if","locations":[{"start":{"line":7,"column":2},"end":{"line":7,"column":29}}]}},"s":{"0":15,"1":15,"2":4,"3":4,"4":3,"5":1,"6":1,"7":15,"8":748,"9":15},"f":{"0":4,"1":748},"b":{"0":[4,3],"1":[3]}}
,"/Users/alex.brombal/dev/keck/src/observables/map.ts": {"path":"/Users/alex.brombal/dev/keck/src/observables/map.ts","statementMap":{"0":{"start":{"line":1,"column":0},"end":{"line":1,"column":87}},"1":{"start":{"line":3,"column":14},"end":{"line":3,"column":28}},"2":{"start":{"line":7,"column":4},"end":{"line":7,"column":12}},"3":{"start":{"line":6,"column":22},"end":{"line":6,"column":55}},"4":{"start":{"line":11,"column":4},"end":{"line":11,"column":26}},"5":{"start":{"line":15,"column":17},"end":{"line":15,"column":30}},"6":{"start":{"line":16,"column":4},"end":{"line":16,"column":21}},"7":{"start":{"line":17,"column":4},"end":{"line":17,"column":65}},"8":{"start":{"line":17,"column":32},"end":{"line":17,"column":65}},"9":{"start":{"line":21,"column":16},"end":{"line":21,"column":36}},"10":{"start":{"line":22,"column":4},"end":{"line":25,"column":null}},"11":{"start":{"line":23,"column":6},"end":{"line":23,"column":37}},"12":{"start":{"line":24,"column":6},"end":{"line":24,"column":39}},"13":{"start":{"line":26,"column":4},"end":{"line":26,"column":15}},"14":{"start":{"line":30,"column":4},"end":{"line":33,"column":16}},"15":{"start":{"line":31,"column":25},"end":{"line":31,"column":63}},"16":{"start":{"line":32,"column":6},"end":{"line":32,"column":54}},"17":{"start":{"line":34,"column":4},"end":{"line":34,"column":19}},"18":{"start":{"line":38,"column":4},"end":{"line":38,"column":36}},"19":{"start":{"line":39,"column":4},"end":{"line":39,"column":29}},"20":{"start":{"line":43,"column":4},"end":{"line":43,"column":36}},"21":{"start":{"line":44,"column":4},"end":{"line":44,"column":29}},"22":{"start":{"line":48,"column":17},"end":{"line":48,"column":30}},"23":{"start":{"line":49,"column":4},"end":{"line":49,"column":29}},"24":{"start":{"line":50,"column":4},"end":{"line":53,"column":null}},"25":{"start":{"line":51,"column":6},"end":{"line":51,"column":37}},"26":{"start":{"line":52,"column":6},"end":{"line":52,"column":39}},"27":{"start":{"line":54,"column":4},"end":{"line":54,"column":16}},"28":{"start":{"line":58,"column":4},"end":{"line":58,"column":66}},"29":{"start":{"line":63,"column":4},"end":{"line":63,"column":38}},"30":{"start":{"line":64,"column":4},"end":{"line":67,"column":null}},"31":{"start":{"line":65,"column":25},"end":{"line":65,"column":63}},"32":{"start":{"line":66,"column":6},"end":{"line":66,"column":30}},"33":{"start":{"line":71,"column":4},"end":{"line":71,"column":35}},"34":{"start":{"line":75,"column":4},"end":{"line":75,"column":38}},"35":{"start":{"line":76,"column":4},"end":{"line":76,"column":27}},"36":{"start":{"line":80,"column":4},"end":{"line":82,"column":null}},"37":{"start":{"line":81,"column":6},"end":{"line":81,"column":18}},"38":{"start":{"line":5,"column":0},"end":{"line":5,"column":13}},"39":{"start":{"line":86,"column":0},"end":{"line":97,"column":52}},"40":{"start":{"line":88,"column":4},"end":{"line":88,"column":34}},"41":{"start":{"line":91,"column":4},"end":{"line":91,"column":29}},"42":{"start":{"line":92,"column":4},"end":{"line":92,"column":36}},"43":{"start":{"line":95,"column":4},"end":{"line":95,"column":26}}},"fnMap":{"0":{"name":"(anonymous_0)","decl":{"start":{"line":6,"column":2},"end":{"line":6,"column":22}},"loc":{"start":{"line":6,"column":55},"end":{"line":8,"column":3}}},"1":{"name":"(anonymous_1)","decl":{"start":{"line":10,"column":2},"end":{"line":10,"column":14}},"loc":{"start":{"line":10,"column":17},"end":{"line":12,"column":3}}},"2":{"name":"(anonymous_2)","decl":{"start":{"line":14,"column":2},"end":{"line":14,"column":7}},"loc":{"start":{"line":14,"column":7},"end":{"line":18,"column":3}}},"3":{"name":"(anonymous_3)","decl":{"start":{"line":20,"column":2},"end":{"line":20,"column":8}},"loc":{"start":{"line":20,"column":15},"end":{"line":27,"column":3}}},"4":{"name":"(anonymous_4)","decl":{"start":{"line":29,"column":2},"end":{"line":29,"column":9}},"loc":{"start":{"line":29,"column":79},"end":{"line":35,"column":3}}},"5":{"name":"(anonymous_5)","decl":{"start":{"line":30,"column":21},"end":{"line":30,"column":22}},"loc":{"start":{"line":30,"column":36},"end":{"line":33,"column":5}}},"6":{"name":"(anonymous_6)","decl":{"start":{"line":37,"column":2},"end":{"line":37,"column":5}},"loc":{"start":{"line":37,"column":12},"end":{"line":40,"column":3}}},"7":{"name":"(anonymous_7)","decl":{"start":{"line":42,"column":2},"end":{"line":42,"column":5}},"loc":{"start":{"line":42,"column":12},"end":{"line":45,"column":3}}},"8":{"name":"(anonymous_8)","decl":{"start":{"line":47,"column":2},"end":{"line":47,"column":5}},"loc":{"start":{"line":47,"column":22},"end":{"line":55,"column":3}}},"9":{"name":"(anonymous_9)","decl":{"start":{"line":57,"column":2},"end":{"line":57,"column":6}},"loc":{"start":{"line":57,"column":10},"end":{"line":59,"column":3}}},"10":{"name":"(anonymous_10)","decl":{"start":{"line":62,"column":2},"end":{"line":62,"column":3}},"loc":{"start":{"line":62,"column":20},"end":{"line":68,"column":3}}},"11":{"name":"(anonymous_11)","decl":{"start":{"line":70,"column":2},"end":{"line":70,"column":9}},"loc":{"start":{"line":70,"column":9},"end":{"line":72,"column":3}}},"12":{"name":"(anonymous_12)","decl":{"start":{"line":74,"column":2},"end":{"line":74,"column":6}},"loc":{"start":{"line":74,"column":6},"end":{"line":77,"column":3}}},"13":{"name":"(anonymous_13)","decl":{"start":{"line":79,"column":2},"end":{"line":79,"column":3}},"loc":{"start":{"line":79,"column":9},"end":{"line":83,"column":3}}},"14":{"name":"(anonymous_14)","decl":{"start":{"line":87,"column":18},"end":{"line":87,"column":19}},"loc":{"start":{"line":87,"column":26},"end":{"line":89,"column":3}}},"15":{"name":"(anonymous_15)","decl":{"start":{"line":90,"column":2},"end":{"line":90,"column":14}},"loc":{"start":{"line":90,"column":42},"end":{"line":93,"column":3}}},"16":{"name":"(anonymous_16)","decl":{"start":{"line":94,"column":2},"end":{"line":94,"column":13}},"loc":{"start":{"line":94,"column":19},"end":{"line":96,"column":3}}}},"branchMap":{"0":{"loc":{"start":{"line":17,"column":4},"end":{"line":17,"column":65}},"type":"if","locations":[{"start":{"line":17,"column":4},"end":{"line":17,"column":65}}]},"1":{"loc":{"start":{"line":22,"column":4},"end":{"line":25,"column":null}},"type":"if","locations":[{"start":{"line":22,"column":4},"end":{"line":25,"column":null}}]},"2":{"loc":{"start":{"line":50,"column":4},"end":{"line":53,"column":null}},"type":"if","locations":[{"start":{"line":50,"column":4},"end":{"line":53,"column":null}}]}},"s":{"0":15,"1":15,"2":18,"3":18,"4":106,"5":6,"6":6,"7":6,"8":6,"9":12,"10":12,"11":6,"12":6,"13":12,"14":3,"15":9,"16":9,"17":3,"18":10,"19":10,"20":2,"21":2,"22":19,"23":19,"24":19,"25":11,"26":11,"27":19,"28":5,"29":3,"30":3,"31":9,"32":9,"33":1,"34":1,"35":1,"36":1,"37":3,"38":15,"39":15,"40":18,"41":3,"42":3,"43":6},"f":{"0":18,"1":106,"2":6,"3":12,"4":3,"5":9,"6":10,"7":2,"8":19,"9":5,"10":3,"11":1,"12":1,"13":1,"14":18,"15":3,"16":6},"b":{"0":[6],"1":[6],"2":[11]}}
,"/Users/alex.brombal/dev/keck/src/observables/object-array.ts": {"path":"/Users/alex.brombal/dev/keck/src/observables/object-array.ts","statementMap":{"0":{"start":{"line":1,"column":0},"end":{"line":1,"column":76}},"1":{"start":{"line":3,"column":13},"end":{"line":69,"column":2}},"2":{"start":{"line":8,"column":4},"end":{"line":58,"column":6}},"3":{"start":{"line":14,"column":10},"end":{"line":14,"column":51}},"4":{"start":{"line":17,"column":10},"end":{"line":17,"column":35}},"5":{"start":{"line":18,"column":10},"end":{"line":18,"column":64}},"6":{"start":{"line":21,"column":10},"end":{"line":21,"column":44}},"7":{"start":{"line":24,"column":10},"end":{"line":24,"column":38}},"8":{"start":{"line":25,"column":10},"end":{"line":25,"column":46}},"9":{"start":{"line":28,"column":10},"end":{"line":28,"column":56}},"10":{"start":{"line":28,"column":33},"end":{"line":28,"column":56}},"11":{"start":{"line":28,"column":46},"end":{"line":28,"column":55}},"12":{"start":{"line":29,"column":24},"end":{"line":29,"column":63}},"13":{"start":{"line":30,"column":10},"end":{"line":30,"column":52}},"14":{"start":{"line":33,"column":27},"end":{"line":33,"column":47}},"15":{"start":{"line":34,"column":27},"end":{"line":34,"column":66}},"16":{"start":{"line":35,"column":10},"end":{"line":35,"column":49}},"17":{"start":{"line":35,"column":37},"end":{"line":35,"column":49}},"18":{"start":{"line":37,"column":10},"end":{"line":46,"column":null}},"19":{"start":{"line":38,"column":32},"end":{"line":38,"column":48}},"20":{"start":{"line":40,"column":30},"end":{"line":40,"column":79}},"21":{"start":{"line":42,"column":12},"end":{"line":42,"column":81}},"22":{"start":{"line":42,"column":50},"end":{"line":42,"column":81}},"23":{"start":{"line":43,"column":12},"end":{"line":43,"column":62}},"24":{"start":{"line":43,"column":35},"end":{"line":43,"column":62}},"25":{"start":{"line":45,"column":12},"end":{"line":45,"column":29}},"26":{"start":{"line":48,"column":25},"end":{"line":48,"column":74}},"27":{"start":{"line":49,"column":10},"end":{"line":49,"column":37}},"28":{"start":{"line":50,"column":10},"end":{"line":50,"column":24}},"29":{"start":{"line":53,"column":22},"end":{"line":53,"column":61}},"30":{"start":{"line":54,"column":10},"end":{"line":54,"column":46}},"31":{"start":{"line":54,"column":19},"end":{"line":54,"column":46}},"32":{"start":{"line":55,"column":10},"end":{"line":55,"column":21}},"33":{"start":{"line":61,"column":4},"end":{"line":61,"column":33}},"34":{"start":{"line":64,"column":4},"end":{"line":64,"column":48}},"35":{"start":{"line":64,"column":30},"end":{"line":64,"column":48}},"36":{"start":{"line":65,"column":18},"end":{"line":65,"column":30}},"37":{"start":{"line":66,"column":4},"end":{"line":66,"column":63}},"38":{"start":{"line":67,"column":4},"end":{"line":67,"column":17}},"39":{"start":{"line":71,"column":0},"end":{"line":71,"column":65}},"40":{"start":{"line":72,"column":0},"end":{"line":72,"column":64}}},"fnMap":{"0":{"name":"(anonymous_0)","decl":{"start":{"line":7,"column":18},"end":{"line":7,"column":19}},"loc":{"start":{"line":7,"column":26},"end":{"line":59,"column":3}}},"1":{"name":"(anonymous_1)","decl":{"start":{"line":13,"column":8},"end":{"line":13,"column":22}},"loc":{"start":{"line":13,"column":22},"end":{"line":15,"column":9}}},"2":{"name":"(anonymous_2)","decl":{"start":{"line":16,"column":8},"end":{"line":16,"column":32}},"loc":{"start":{"line":16,"column":42},"end":{"line":19,"column":9}}},"3":{"name":"(anonymous_3)","decl":{"start":{"line":20,"column":8},"end":{"line":20,"column":15}},"loc":{"start":{"line":20,"column":15},"end":{"line":22,"column":9}}},"4":{"name":"(anonymous_4)","decl":{"start":{"line":23,"column":8},"end":{"line":23,"column":11}},"loc":{"start":{"line":23,"column":19},"end":{"line":26,"column":9}}},"5":{"name":"(anonymous_5)","decl":{"start":{"line":27,"column":8},"end":{"line":27,"column":11}},"loc":{"start":{"line":27,"column":19},"end":{"line":31,"column":9}}},"6":{"name":"(anonymous_6)","decl":{"start":{"line":28,"column":40},"end":{"line":28,"column":43}},"loc":{"start":{"line":28,"column":46},"end":{"line":28,"column":55}}},"7":{"name":"(anonymous_7)","decl":{"start":{"line":32,"column":8},"end":{"line":32,"column":11}},"loc":{"start":{"line":32,"column":26},"end":{"line":51,"column":9}}},"8":{"name":"(anonymous_8)","decl":{"start":{"line":52,"column":8},"end":{"line":52,"column":22}},"loc":{"start":{"line":52,"column":30},"end":{"line":56,"column":9}}},"9":{"name":"(anonymous_9)","decl":{"start":{"line":60,"column":2},"end":{"line":60,"column":14}},"loc":{"start":{"line":60,"column":42},"end":{"line":62,"column":3}}},"10":{"name":"(anonymous_10)","decl":{"start":{"line":63,"column":2},"end":{"line":63,"column":13}},"loc":{"start":{"line":63,"column":24},"end":{"line":68,"column":3}}}},"branchMap":{"0":{"loc":{"start":{"line":28,"column":10},"end":{"line":28,"column":56}},"type":"if","locations":[{"start":{"line":28,"column":10},"end":{"line":28,"column":56}}]},"1":{"loc":{"start":{"line":35,"column":10},"end":{"line":35,"column":49}},"type":"if","locations":[{"start":{"line":35,"column":10},"end":{"line":35,"column":49}}]},"2":{"loc":{"start":{"line":37,"column":10},"end":{"line":46,"column":null}},"type":"if","locations":[{"start":{"line":37,"column":10},"end":{"line":46,"column":null}}]},"3":{"loc":{"start":{"line":42,"column":12},"end":{"line":42,"column":81}},"type":"if","locations":[{"start":{"line":42,"column":12},"end":{"line":42,"column":81}}]},"4":{"loc":{"start":{"line":43,"column":12},"end":{"line":43,"column":62}},"type":"if","locations":[{"start":{"line":43,"column":12},"end":{"line":43,"column":62}}]},"5":{"loc":{"start":{"line":54,"column":10},"end":{"line":54,"column":46}},"type":"if","locations":[{"start":{"line":54,"column":10},"end":{"line":54,"column":46}}]},"6":{"loc":{"start":{"line":64,"column":4},"end":{"line":64,"column":48}},"type":"if","locations":[{"start":{"line":64,"column":4},"end":{"line":64,"column":48}}]}},"s":{"0":15,"1":15,"2":267,"3":11,"4":81,"5":81,"6":26,"7":10,"8":10,"9":750,"10":2,"11":2,"12":748,"13":748,"14":128,"15":128,"16":128,"17":9,"18":119,"19":15,"20":15,"21":15,"22":9,"23":15,"24":12,"25":15,"26":104,"27":104,"28":104,"29":5,"30":5,"31":5,"32":5,"33":163,"34":20,"35":6,"36":14,"37":14,"38":14,"39":15,"40":15},"f":{"0":267,"1":11,"2":81,"3":26,"4":10,"5":750,"6":2,"7":128,"8":5,"9":163,"10":20},"b":{"0":[2],"1":[9],"2":[15],"3":[9],"4":[12],"5":[5],"6":[6]}}
,"/Users/alex.brombal/dev/keck/src/observables/set.ts": {"path":"/Users/alex.brombal/dev/keck/src/observables/set.ts","statementMap":{"0":{"start":{"line":1,"column":0},"end":{"line":1,"column":87}},"1":{"start":{"line":3,"column":14},"end":{"line":3,"column":28}},"2":{"start":{"line":7,"column":4},"end":{"line":7,"column":12}},"3":{"start":{"line":6,"column":22},"end":{"line":6,"column":52}},"4":{"start":{"line":11,"column":4},"end":{"line":11,"column":26}},"5":{"start":{"line":15,"column":17},"end":{"line":15,"column":30}},"6":{"start":{"line":16,"column":4},"end":{"line":16,"column":24}},"7":{"start":{"line":17,"column":4},"end":{"line":17,"column":65}},"8":{"start":{"line":17,"column":32},"end":{"line":17,"column":65}},"9":{"start":{"line":18,"column":4},"end":{"line":18,"column":16}},"10":{"start":{"line":22,"column":17},"end":{"line":22,"column":30}},"11":{"start":{"line":23,"column":4},"end":{"line":23,"column":21}},"12":{"start":{"line":24,"column":4},"end":{"line":24,"column":65}},"13":{"start":{"line":24,"column":32},"end":{"line":24,"column":65}},"14":{"start":{"line":28,"column":16},"end":{"line":28,"column":38}},"15":{"start":{"line":29,"column":4},"end":{"line":29,"column":46}},"16":{"start":{"line":29,"column":13},"end":{"line":29,"column":46}},"17":{"start":{"line":30,"column":4},"end":{"line":30,"column":15}},"18":{"start":{"line":34,"column":4},"end":{"line":37,"column":16}},"19":{"start":{"line":35,"column":25},"end":{"line":35,"column":65}},"20":{"start":{"line":36,"column":6},"end":{"line":36,"column":61}},"21":{"start":{"line":38,"column":4},"end":{"line":38,"column":19}},"22":{"start":{"line":42,"column":4},"end":{"line":42,"column":38}},"23":{"start":{"line":43,"column":4},"end":{"line":43,"column":31}},"24":{"start":{"line":47,"column":4},"end":{"line":47,"column":60}},"25":{"start":{"line":51,"column":4},"end":{"line":51,"column":38}},"26":{"start":{"line":52,"column":4},"end":{"line":54,"column":null}},"27":{"start":{"line":53,"column":6},"end":{"line":53,"column":58}},"28":{"start":{"line":58,"column":4},"end":{"line":60,"column":null}},"29":{"start":{"line":59,"column":6},"end":{"line":59,"column":27}},"30":{"start":{"line":64,"column":4},"end":{"line":64,"column":35}},"31":{"start":{"line":68,"column":4},"end":{"line":68,"column":35}},"32":{"start":{"line":72,"column":0},"end":{"line":83,"column":43}},"33":{"start":{"line":74,"column":4},"end":{"line":74,"column":34}},"34":{"start":{"line":77,"column":4},"end":{"line":77,"column":29}},"35":{"start":{"line":78,"column":4},"end":{"line":78,"column":24}},"36":{"start":{"line":81,"column":4},"end":{"line":81,"column":26}}},"fnMap":{"0":{"name":"(anonymous_0)","decl":{"start":{"line":6,"column":2},"end":{"line":6,"column":22}},"loc":{"start":{"line":6,"column":52},"end":{"line":8,"column":3}}},"1":{"name":"(anonymous_1)","decl":{"start":{"line":10,"column":2},"end":{"line":10,"column":14}},"loc":{"start":{"line":10,"column":17},"end":{"line":12,"column":3}}},"2":{"name":"(anonymous_2)","decl":{"start":{"line":14,"column":2},"end":{"line":14,"column":5}},"loc":{"start":{"line":14,"column":14},"end":{"line":19,"column":3}}},"3":{"name":"(anonymous_3)","decl":{"start":{"line":21,"column":2},"end":{"line":21,"column":7}},"loc":{"start":{"line":21,"column":7},"end":{"line":25,"column":3}}},"4":{"name":"(anonymous_4)","decl":{"start":{"line":27,"column":2},"end":{"line":27,"column":8}},"loc":{"start":{"line":27,"column":17},"end":{"line":31,"column":3}}},"5":{"name":"(anonymous_5)","decl":{"start":{"line":33,"column":2},"end":{"line":33,"column":9}},"loc":{"start":{"line":33,"column":77},"end":{"line":39,"column":3}}},"6":{"name":"(anonymous_6)","decl":{"start":{"line":34,"column":21},"end":{"line":34,"column":22}},"loc":{"start":{"line":34,"column":37},"end":{"line":37,"column":5}}},"7":{"name":"(anonymous_7)","decl":{"start":{"line":41,"column":2},"end":{"line":41,"column":5}},"loc":{"start":{"line":41,"column":14},"end":{"line":44,"column":3}}},"8":{"name":"(anonymous_8)","decl":{"start":{"line":46,"column":2},"end":{"line":46,"column":6}},"loc":{"start":{"line":46,"column":10},"end":{"line":48,"column":3}}},"9":{"name":"(anonymous_9)","decl":{"start":{"line":50,"column":2},"end":{"line":50,"column":3}},"loc":{"start":{"line":50,"column":20},"end":{"line":55,"column":3}}},"10":{"name":"(anonymous_10)","decl":{"start":{"line":57,"column":2},"end":{"line":57,"column":3}},"loc":{"start":{"line":57,"column":10},"end":{"line":61,"column":3}}},"11":{"name":"(anonymous_11)","decl":{"start":{"line":63,"column":2},"end":{"line":63,"column":6}},"loc":{"start":{"line":63,"column":6},"end":{"line":65,"column":3}}},"12":{"name":"(anonymous_12)","decl":{"start":{"line":67,"column":2},"end":{"line":67,"column":8}},"loc":{"start":{"line":67,"column":8},"end":{"line":69,"column":3}}},"13":{"name":"(anonymous_13)","decl":{"start":{"line":73,"column":18},"end":{"line":73,"column":19}},"loc":{"start":{"line":73,"column":26},"end":{"line":75,"column":3}}},"14":{"name":"(anonymous_14)","decl":{"start":{"line":76,"column":2},"end":{"line":76,"column":14}},"loc":{"start":{"line":76,"column":42},"end":{"line":79,"column":3}}},"15":{"name":"(anonymous_15)","decl":{"start":{"line":80,"column":2},"end":{"line":80,"column":13}},"loc":{"start":{"line":80,"column":19},"end":{"line":82,"column":3}}}},"branchMap":{"0":{"loc":{"start":{"line":17,"column":4},"end":{"line":17,"column":65}},"type":"if","locations":[{"start":{"line":17,"column":4},"end":{"line":17,"column":65}}]},"1":{"loc":{"start":{"line":24,"column":4},"end":{"line":24,"column":65}},"type":"if","locations":[{"start":{"line":24,"column":4},"end":{"line":24,"column":65}}]},"2":{"loc":{"start":{"line":29,"column":4},"end":{"line":29,"column":46}},"type":"if","locations":[{"start":{"line":29,"column":4},"end":{"line":29,"column":46}}]}},"s":{"0":15,"1":15,"2":15,"3":15,"4":99,"5":14,"6":14,"7":14,"8":8,"9":14,"10":8,"11":8,"12":8,"13":6,"14":12,"15":12,"16":6,"17":12,"18":3,"19":9,"20":9,"21":3,"22":9,"23":9,"24":5,"25":4,"26":4,"27":12,"28":1,"29":3,"30":1,"31":1,"32":15,"33":15,"34":3,"35":3,"36":1},"f":{"0":15,"1":99,"2":14,"3":8,"4":12,"5":3,"6":9,"7":9,"8":5,"9":4,"10":1,"11":1,"12":1,"13":15,"14":3,"15":1},"b":{"0":[8],"1":[6],"2":[6]}}
}
