{"/Users/alex.brombal/dev/keck/src/index.ts": {"path":"/Users/alex.brombal/dev/keck/src/index.ts","statementMap":{"0":{"start":{"line":1,"column":0},"end":{"line":1,"column":36}},"1":{"start":{"line":2,"column":0},"end":{"line":2,"column":27}},"2":{"start":{"line":3,"column":0},"end":{"line":3,"column":27}},"3":{"start":{"line":5,"column":0},"end":{"line":5,"column":null}},"4":{"start":{"line":8,"column":2},"end":{"line":8,"column":null}},"5":{"start":{"line":9,"column":2},"end":{"line":9,"column":null}},"6":{"start":{"line":10,"column":2},"end":{"line":10,"column":null}},"7":{"start":{"line":11,"column":2},"end":{"line":11,"column":null}},"8":{"start":{"line":14,"column":0},"end":{"line":14,"column":9}},"9":{"start":{"line":14,"column":9},"end":{"line":14,"column":77}},"10":{"start":{"line":16,"column":0},"end":{"line":16,"column":9}},"11":{"start":{"line":16,"column":9},"end":{"line":16,"column":22}},"12":{"start":{"line":16,"column":22},"end":{"line":16,"column":58}}},"fnMap":{"0":{"name":"(anonymous_0)","decl":{"start":{"line":8,"column":2},"end":{"line":8,"column":9}},"loc":{"start":{"line":8,"column":2},"end":{"line":8,"column":null}}},"1":{"name":"(anonymous_1)","decl":{"start":{"line":9,"column":2},"end":{"line":9,"column":8}},"loc":{"start":{"line":9,"column":2},"end":{"line":9,"column":null}}},"2":{"name":"(anonymous_2)","decl":{"start":{"line":10,"column":2},"end":{"line":10,"column":21}},"loc":{"start":{"line":10,"column":2},"end":{"line":10,"column":null}}},"3":{"name":"(anonymous_3)","decl":{"start":{"line":11,"column":2},"end":{"line":11,"column":17}},"loc":{"start":{"line":11,"column":2},"end":{"line":11,"column":null}}},"4":{"name":"(anonymous_4)","decl":{"start":{"line":14,"column":9},"end":{"line":14,"column":40}},"loc":{"start":{"line":14,"column":9},"end":{"line":14,"column":77}}},"5":{"name":"(anonymous_5)","decl":{"start":{"line":16,"column":9},"end":{"line":16,"column":20}},"loc":{"start":{"line":16,"column":9},"end":{"line":16,"column":22}}},"6":{"name":"(anonymous_6)","decl":{"start":{"line":16,"column":22},"end":{"line":16,"column":40}},"loc":{"start":{"line":16,"column":22},"end":{"line":16,"column":58}}}},"branchMap":{},"s":{"0":13,"1":13,"2":13,"3":13,"4":97,"5":60,"6":15,"7":14,"8":13,"9":15,"10":13,"11":17,"12":15},"f":{"0":84,"1":47,"2":2,"3":1,"4":2,"5":4,"6":2},"b":{}}
,"/Users/alex.brombal/dev/keck/src/observe.tsx": {"path":"/Users/alex.brombal/dev/keck/src/observe.tsx","statementMap":{"0":{"start":{"line":36,"column":23},"end":{"line":36,"column":37}},"1":{"start":{"line":43,"column":29},"end":{"line":43,"column":81}},"2":{"start":{"line":80,"column":13},"end":{"line":83,"column":4}},"3":{"start":{"line":107,"column":22},"end":{"line":107,"column":53}},"4":{"start":{"line":114,"column":17},"end":{"line":114,"column":84}},"5":{"start":{"line":115,"column":2},"end":{"line":118,"column":null}},"6":{"start":{"line":116,"column":4},"end":{"line":116,"column":27}},"7":{"start":{"line":117,"column":4},"end":{"line":117,"column":20}},"8":{"start":{"line":120,"column":18},"end":{"line":120,"column":67}},"9":{"start":{"line":121,"column":2},"end":{"line":121,"column":33}},"10":{"start":{"line":121,"column":16},"end":{"line":121,"column":33}},"11":{"start":{"line":123,"column":2},"end":{"line":131,"column":4}},"12":{"start":{"line":132,"column":2},"end":{"line":133,"column":42}},"13":{"start":{"line":132,"column":14},"end":{"line":132,"column":56}},"14":{"start":{"line":133,"column":7},"end":{"line":133,"column":42}},"15":{"start":{"line":134,"column":2},"end":{"line":134,"column":18}},"16":{"start":{"line":141,"column":12},"end":{"line":141,"column":49}},"17":{"start":{"line":144,"column":2},"end":{"line":147,"column":null}},"18":{"start":{"line":145,"column":4},"end":{"line":145,"column":20}},"19":{"start":{"line":146,"column":4},"end":{"line":146,"column":45}},"20":{"start":{"line":148,"column":2},"end":{"line":148,"column":22}},"21":{"start":{"line":148,"column":11},"end":{"line":148,"column":22}},"22":{"start":{"line":150,"column":2},"end":{"line":214,"column":4}},"23":{"start":{"line":155,"column":6},"end":{"line":155,"column":33}},"24":{"start":{"line":159,"column":6},"end":{"line":161,"column":null}},"25":{"start":{"line":160,"column":8},"end":{"line":160,"column":48}},"26":{"start":{"line":164,"column":8},"end":{"line":164,"column":42}},"27":{"start":{"line":164,"column":35},"end":{"line":164,"column":42}},"28":{"start":{"line":165,"column":24},"end":{"line":165,"column":66}},"29":{"start":{"line":166,"column":8},"end":{"line":166,"column":92}},"30":{"start":{"line":166,"column":24},"end":{"line":166,"column":92}},"31":{"start":{"line":167,"column":8},"end":{"line":167,"column":32}},"32":{"start":{"line":168,"column":8},"end":{"line":168,"column":66}},"33":{"start":{"line":168,"column":37},"end":{"line":168,"column":64}},"34":{"start":{"line":171,"column":6},"end":{"line":178,"column":null}},"35":{"start":{"line":173,"column":26},"end":{"line":173,"column":71}},"36":{"start":{"line":174,"column":8},"end":{"line":177,"column":null}},"37":{"start":{"line":175,"column":10},"end":{"line":175,"column":82}},"38":{"start":{"line":175,"column":68},"end":{"line":175,"column":82}},"39":{"start":{"line":176,"column":10},"end":{"line":176,"column":70}},"40":{"start":{"line":181,"column":6},"end":{"line":181,"column":20}},"41":{"start":{"line":182,"column":6},"end":{"line":182,"column":24}},"42":{"start":{"line":185,"column":6},"end":{"line":190,"column":null}},"43":{"start":{"line":187,"column":8},"end":{"line":187,"column":87}},"44":{"start":{"line":189,"column":8},"end":{"line":189,"column":70}},"45":{"start":{"line":193,"column":6},"end":{"line":194,"column":72}},"46":{"start":{"line":194,"column":8},"end":{"line":194,"column":72}},"47":{"start":{"line":197,"column":6},"end":{"line":199,"column":9}},"48":{"start":{"line":198,"column":8},"end":{"line":198,"column":61}},"49":{"start":{"line":202,"column":6},"end":{"line":206,"column":8}},"50":{"start":{"line":209,"column":6},"end":{"line":212,"column":10}},"51":{"start":{"line":210,"column":8},"end":{"line":212,"column":10}},"52":{"start":{"line":215,"column":2},"end":{"line":215,"column":56}},"53":{"start":{"line":216,"column":2},"end":{"line":216,"column":45}},"54":{"start":{"line":217,"column":2},"end":{"line":217,"column":48}},"55":{"start":{"line":218,"column":2},"end":{"line":218,"column":32}},"56":{"start":{"line":219,"column":2},"end":{"line":219,"column":13}},"57":{"start":{"line":262,"column":2},"end":{"line":263,"column":64}},"58":{"start":{"line":262,"column":25},"end":{"line":262,"column":65}},"59":{"start":{"line":263,"column":7},"end":{"line":263,"column":64}},"60":{"start":{"line":261,"column":0},"end":{"line":261,"column":16}},"61":{"start":{"line":272,"column":14},"end":{"line":272,"column":44}},"62":{"start":{"line":273,"column":19},"end":{"line":273,"column":69}},"63":{"start":{"line":274,"column":2},"end":{"line":274,"column":65}},"64":{"start":{"line":274,"column":17},"end":{"line":274,"column":65}},"65":{"start":{"line":276,"column":36},"end":{"line":304,"column":4}},"66":{"start":{"line":284,"column":8},"end":{"line":284,"column":36}},"67":{"start":{"line":285,"column":8},"end":{"line":285,"column":61}},"68":{"start":{"line":288,"column":8},"end":{"line":288,"column":37}},"69":{"start":{"line":289,"column":8},"end":{"line":289,"column":46}},"70":{"start":{"line":292,"column":8},"end":{"line":292,"column":38}},"71":{"start":{"line":295,"column":8},"end":{"line":295,"column":31}},"72":{"start":{"line":298,"column":8},"end":{"line":298,"column":37}},"73":{"start":{"line":299,"column":8},"end":{"line":299,"column":46}},"74":{"start":{"line":300,"column":8},"end":{"line":300,"column":61}},"75":{"start":{"line":300,"column":49},"end":{"line":300,"column":59}},"76":{"start":{"line":301,"column":8},"end":{"line":301,"column":35}},"77":{"start":{"line":306,"column":16},"end":{"line":306,"column":76}},"78":{"start":{"line":307,"column":2},"end":{"line":307,"column":35}},"79":{"start":{"line":266,"column":0},"end":{"line":266,"column":16}},"80":{"start":{"line":326,"column":27},"end":{"line":333,"column":4}},"81":{"start":{"line":327,"column":4},"end":{"line":327,"column":24}},"82":{"start":{"line":328,"column":22},"end":{"line":328,"column":37}},"83":{"start":{"line":329,"column":4},"end":{"line":329,"column":19}},"84":{"start":{"line":331,"column":4},"end":{"line":331,"column":65}},"85":{"start":{"line":331,"column":41},"end":{"line":331,"column":65}},"86":{"start":{"line":332,"column":4},"end":{"line":332,"column":27}},"87":{"start":{"line":335,"column":2},"end":{"line":335,"column":22}},"88":{"start":{"line":336,"column":2},"end":{"line":336,"column":31}},"89":{"start":{"line":337,"column":2},"end":{"line":337,"column":17}},"90":{"start":{"line":339,"column":2},"end":{"line":339,"column":26}},"91":{"start":{"line":318,"column":0},"end":{"line":318,"column":16}},"92":{"start":{"line":347,"column":14},"end":{"line":347,"column":64}},"93":{"start":{"line":348,"column":2},"end":{"line":348,"column":30}},"94":{"start":{"line":348,"column":12},"end":{"line":348,"column":30}},"95":{"start":{"line":349,"column":2},"end":{"line":355,"column":null}},"96":{"start":{"line":350,"column":4},"end":{"line":354,"column":6}},"97":{"start":{"line":356,"column":2},"end":{"line":356,"column":33}},"98":{"start":{"line":346,"column":0},"end":{"line":346,"column":16}},"99":{"start":{"line":363,"column":2},"end":{"line":363,"column":78}},"100":{"start":{"line":362,"column":0},"end":{"line":362,"column":16}}},"fnMap":{"0":{"name":"getDataNode","decl":{"start":{"line":109,"column":9},"end":{"line":109,"column":20}},"loc":{"start":{"line":112,"column":19},"end":{"line":135,"column":1}}},"1":{"name":"getObservableContext","decl":{"start":{"line":137,"column":9},"end":{"line":137,"column":29}},"loc":{"start":{"line":139,"column":20},"end":{"line":220,"column":1}}},"2":{"name":"(anonymous_2)","decl":{"start":{"line":154,"column":4},"end":{"line":154,"column":8}},"loc":{"start":{"line":154,"column":13},"end":{"line":156,"column":5}}},"3":{"name":"(anonymous_3)","decl":{"start":{"line":157,"column":4},"end":{"line":157,"column":21}},"loc":{"start":{"line":157,"column":73},"end":{"line":183,"column":5}}},"4":{"name":"addObserver","decl":{"start":{"line":163,"column":15},"end":{"line":163,"column":26}},"loc":{"start":{"line":163,"column":26},"end":{"line":169,"column":7}}},"5":{"name":"(anonymous_5)","decl":{"start":{"line":168,"column":31},"end":{"line":168,"column":34}},"loc":{"start":{"line":168,"column":37},"end":{"line":168,"column":64}}},"6":{"name":"(anonymous_6)","decl":{"start":{"line":184,"column":4},"end":{"line":184,"column":20}},"loc":{"start":{"line":184,"column":36},"end":{"line":213,"column":5}}},"7":{"name":"(anonymous_7)","decl":{"start":{"line":197,"column":63},"end":{"line":197,"column":64}},"loc":{"start":{"line":197,"column":76},"end":{"line":199,"column":7}}},"8":{"name":"observe","decl":{"start":{"line":261,"column":16},"end":{"line":261,"column":23}},"loc":{"start":{"line":261,"column":36},"end":{"line":264,"column":1}}},"9":{"name":"createObserver","decl":{"start":{"line":266,"column":16},"end":{"line":266,"column":30}},"loc":{"start":{"line":268,"column":14},"end":{"line":308,"column":1}}},"10":{"name":"(anonymous_10)","decl":{"start":{"line":283,"column":6},"end":{"line":283,"column":11}},"loc":{"start":{"line":283,"column":40},"end":{"line":286,"column":7}}},"11":{"name":"(anonymous_11)","decl":{"start":{"line":287,"column":6},"end":{"line":287,"column":10}},"loc":{"start":{"line":287,"column":10},"end":{"line":290,"column":7}}},"12":{"name":"(anonymous_12)","decl":{"start":{"line":291,"column":6},"end":{"line":291,"column":13}},"loc":{"start":{"line":291,"column":13},"end":{"line":293,"column":7}}},"13":{"name":"(anonymous_13)","decl":{"start":{"line":294,"column":6},"end":{"line":294,"column":12}},"loc":{"start":{"line":294,"column":12},"end":{"line":296,"column":7}}},"14":{"name":"(anonymous_14)","decl":{"start":{"line":297,"column":6},"end":{"line":297,"column":11}},"loc":{"start":{"line":297,"column":11},"end":{"line":302,"column":7}}},"15":{"name":"(anonymous_15)","decl":{"start":{"line":300,"column":35},"end":{"line":300,"column":36}},"loc":{"start":{"line":300,"column":49},"end":{"line":300,"column":59}}},"16":{"name":"createObserverSelector","decl":{"start":{"line":318,"column":16},"end":{"line":318,"column":38}},"loc":{"start":{"line":322,"column":74},"end":{"line":340,"column":1}}},"17":{"name":"(anonymous_17)","decl":{"start":{"line":326,"column":41},"end":{"line":326,"column":44}},"loc":{"start":{"line":326,"column":46},"end":{"line":333,"column":3}}},"18":{"name":"unwrap","decl":{"start":{"line":346,"column":16},"end":{"line":346,"column":22}},"loc":{"start":{"line":346,"column":55},"end":{"line":357,"column":1}}},"19":{"name":"observerActions","decl":{"start":{"line":362,"column":16},"end":{"line":362,"column":31}},"loc":{"start":{"line":362,"column":47},"end":{"line":364,"column":1}}}},"branchMap":{"0":{"loc":{"start":{"line":114,"column":17},"end":{"line":114,"column":84}},"type":"cond-expr","locations":[{"start":{"line":114,"column":26},"end":{"line":114,"column":57}},{"start":{"line":114,"column":60},"end":{"line":114,"column":84}}]},"1":{"loc":{"start":{"line":115,"column":2},"end":{"line":118,"column":null}},"type":"if","locations":[{"start":{"line":115,"column":2},"end":{"line":118,"column":null}}]},"2":{"loc":{"start":{"line":121,"column":2},"end":{"line":121,"column":33}},"type":"if","locations":[{"start":{"line":121,"column":2},"end":{"line":121,"column":33}}]},"3":{"loc":{"start":{"line":132,"column":2},"end":{"line":133,"column":42}},"type":"if","locations":[{"start":{"line":132,"column":2},"end":{"line":133,"column":42}},{"start":{"line":133,"column":7},"end":{"line":133,"column":42}}]},"4":{"loc":{"start":{"line":144,"column":2},"end":{"line":147,"column":null}},"type":"if","locations":[{"start":{"line":144,"column":2},"end":{"line":147,"column":null}}]},"5":{"loc":{"start":{"line":144,"column":6},"end":{"line":144,"column":43}},"type":"binary-expr","locations":[{"start":{"line":144,"column":6},"end":{"line":144,"column":9}},{"start":{"line":144,"column":13},"end":{"line":144,"column":43}}]},"6":{"loc":{"start":{"line":148,"column":2},"end":{"line":148,"column":22}},"type":"if","locations":[{"start":{"line":148,"column":2},"end":{"line":148,"column":22}}]},"7":{"loc":{"start":{"line":157,"column":46},"end":{"line":157,"column":73}},"type":"default-arg","locations":[{"start":{"line":157,"column":68},"end":{"line":157,"column":73}}]},"8":{"loc":{"start":{"line":159,"column":6},"end":{"line":161,"column":null}},"type":"if","locations":[{"start":{"line":159,"column":6},"end":{"line":161,"column":null}}]},"9":{"loc":{"start":{"line":164,"column":8},"end":{"line":164,"column":42}},"type":"if","locations":[{"start":{"line":164,"column":8},"end":{"line":164,"column":42}}]},"10":{"loc":{"start":{"line":166,"column":8},"end":{"line":166,"column":92}},"type":"if","locations":[{"start":{"line":166,"column":8},"end":{"line":166,"column":92}}]},"11":{"loc":{"start":{"line":171,"column":6},"end":{"line":178,"column":null}},"type":"if","locations":[{"start":{"line":171,"column":6},"end":{"line":178,"column":null}}]},"12":{"loc":{"start":{"line":174,"column":8},"end":{"line":177,"column":null}},"type":"if","locations":[{"start":{"line":174,"column":8},"end":{"line":177,"column":null}}]},"13":{"loc":{"start":{"line":175,"column":10},"end":{"line":175,"column":82}},"type":"if","locations":[{"start":{"line":175,"column":10},"end":{"line":175,"column":82}}]},"14":{"loc":{"start":{"line":175,"column":14},"end":{"line":175,"column":66}},"type":"binary-expr","locations":[{"start":{"line":175,"column":14},"end":{"line":175,"column":43}},{"start":{"line":175,"column":47},"end":{"line":175,"column":66}}]},"15":{"loc":{"start":{"line":185,"column":6},"end":{"line":190,"column":null}},"type":"if","locations":[{"start":{"line":185,"column":6},"end":{"line":190,"column":null}}]},"16":{"loc":{"start":{"line":193,"column":6},"end":{"line":194,"column":72}},"type":"if","locations":[{"start":{"line":193,"column":6},"end":{"line":194,"column":72}}]},"17":{"loc":{"start":{"line":209,"column":6},"end":{"line":212,"column":10}},"type":"if","locations":[{"start":{"line":209,"column":6},"end":{"line":212,"column":10}}]},"18":{"loc":{"start":{"line":210,"column":39},"end":{"line":210,"column":66}},"type":"binary-expr","locations":[{"start":{"line":210,"column":39},"end":{"line":210,"column":54}},{"start":{"line":210,"column":58},"end":{"line":210,"column":66}}]},"19":{"loc":{"start":{"line":262,"column":2},"end":{"line":263,"column":64}},"type":"if","locations":[{"start":{"line":262,"column":2},"end":{"line":263,"column":64}},{"start":{"line":263,"column":7},"end":{"line":263,"column":64}}]},"20":{"loc":{"start":{"line":273,"column":19},"end":{"line":273,"column":69}},"type":"binary-expr","locations":[{"start":{"line":273,"column":19},"end":{"line":273,"column":32}},{"start":{"line":273,"column":36},"end":{"line":273,"column":69}}]},"21":{"loc":{"start":{"line":274,"column":2},"end":{"line":274,"column":65}},"type":"if","locations":[{"start":{"line":274,"column":2},"end":{"line":274,"column":65}}]},"22":{"loc":{"start":{"line":283,"column":12},"end":{"line":283,"column":40}},"type":"default-arg","locations":[{"start":{"line":283,"column":35},"end":{"line":283,"column":40}}]},"23":{"loc":{"start":{"line":322,"column":2},"end":{"line":322,"column":74}},"type":"default-arg","locations":[{"start":{"line":322,"column":65},"end":{"line":322,"column":74}}]},"24":{"loc":{"start":{"line":331,"column":4},"end":{"line":331,"column":65}},"type":"if","locations":[{"start":{"line":331,"column":4},"end":{"line":331,"column":65}}]},"25":{"loc":{"start":{"line":346,"column":41},"end":{"line":346,"column":55}},"type":"default-arg","locations":[{"start":{"line":346,"column":51},"end":{"line":346,"column":55}}]},"26":{"loc":{"start":{"line":348,"column":2},"end":{"line":348,"column":30}},"type":"if","locations":[{"start":{"line":348,"column":2},"end":{"line":348,"column":30}}]},"27":{"loc":{"start":{"line":349,"column":2},"end":{"line":355,"column":null}},"type":"if","locations":[{"start":{"line":349,"column":2},"end":{"line":355,"column":null}}]},"28":{"loc":{"start":{"line":350,"column":39},"end":{"line":350,"column":74}},"type":"binary-expr","locations":[{"start":{"line":350,"column":39},"end":{"line":350,"column":58}},{"start":{"line":350,"column":62},"end":{"line":350,"column":74}}]}},"s":{"0":13,"1":13,"2":13,"3":13,"4":681,"5":681,"6":321,"7":321,"8":360,"9":360,"10":162,"11":198,"12":198,"13":125,"14":73,"15":198,"16":861,"17":861,"18":77,"19":77,"20":861,"21":561,"22":300,"23":2188,"24":759,"25":14,"26":359,"27":178,"28":181,"29":181,"30":131,"31":181,"32":181,"33":3,"34":745,"35":599,"36":599,"37":438,"38":52,"39":438,"40":307,"41":307,"42":450,"43":146,"44":146,"45":450,"46":159,"47":450,"48":126,"49":450,"50":450,"51":298,"52":300,"53":300,"54":300,"55":300,"56":300,"57":90,"58":84,"59":6,"60":13,"61":84,"62":84,"63":84,"64":1,"65":83,"66":17,"67":17,"68":43,"69":43,"70":3,"71":1,"72":6,"73":6,"74":6,"75":3,"76":6,"77":83,"78":83,"79":13,"80":6,"81":6,"82":6,"83":6,"84":6,"85":5,"86":6,"87":6,"88":6,"89":6,"90":6,"91":13,"92":137,"93":137,"94":94,"95":43,"96":42,"97":43,"98":13,"99":1,"100":13},"f":{"0":681,"1":861,"2":2188,"3":759,"4":359,"5":3,"6":450,"7":126,"8":90,"9":84,"10":17,"11":43,"12":3,"13":1,"14":6,"15":3,"16":6,"17":6,"18":137,"19":1},"b":{"0":[599,82],"1":[321],"2":[162],"3":[125,73],"4":[77],"5":[861,638],"6":[561],"7":[717],"8":[14],"9":[178],"10":[131],"11":[599],"12":[438],"13":[52],"14":[438,428],"15":[146],"16":[159],"17":[298],"18":[298,152],"19":[84,6],"20":[84,82],"21":[1],"22":[5],"23":[6],"24":[5],"25":[136],"26":[94],"27":[42],"28":[42,4]}}
,"/Users/alex.brombal/dev/keck/src/react.tsx": {"path":"/Users/alex.brombal/dev/keck/src/react.tsx","statementMap":{"0":{"start":{"line":1,"column":0},"end":{"line":1,"column":96}},"1":{"start":{"line":2,"column":0},"end":{"line":2,"column":46}},"2":{"start":{"line":5,"column":28},"end":{"line":5,"column":40}},"3":{"start":{"line":6,"column":27},"end":{"line":6,"column":81}},"4":{"start":{"line":6,"column":54},"end":{"line":6,"column":71}},"5":{"start":{"line":9,"column":2},"end":{"line":9,"column":18}},"6":{"start":{"line":10,"column":2},"end":{"line":10,"column":18}},"7":{"start":{"line":13,"column":2},"end":{"line":15,"column":5}},"8":{"start":{"line":14,"column":4},"end":{"line":14,"column":19}},"9":{"start":{"line":18,"column":2},"end":{"line":20,"column":9}},"10":{"start":{"line":19,"column":4},"end":{"line":19,"column":25}},"11":{"start":{"line":22,"column":2},"end":{"line":22,"column":15}},"12":{"start":{"line":4,"column":0},"end":{"line":4,"column":16}},"13":{"start":{"line":30,"column":28},"end":{"line":30,"column":40}},"14":{"start":{"line":32,"column":28},"end":{"line":32,"column":53}},"15":{"start":{"line":33,"column":27},"end":{"line":44,"column":11}},"16":{"start":{"line":37,"column":8},"end":{"line":37,"column":61}},"17":{"start":{"line":40,"column":8},"end":{"line":40,"column":20}},"18":{"start":{"line":41,"column":8},"end":{"line":41,"column":26}},"19":{"start":{"line":46,"column":2},"end":{"line":51,"column":9}},"20":{"start":{"line":47,"column":4},"end":{"line":50,"column":6}},"21":{"start":{"line":48,"column":6},"end":{"line":48,"column":30}},"22":{"start":{"line":49,"column":6},"end":{"line":49,"column":21}},"23":{"start":{"line":53,"column":2},"end":{"line":53,"column":63}},"24":{"start":{"line":25,"column":0},"end":{"line":25,"column":16}}},"fnMap":{"0":{"name":"useObserver","decl":{"start":{"line":4,"column":16},"end":{"line":4,"column":27}},"loc":{"start":{"line":4,"column":61},"end":{"line":23,"column":1}}},"1":{"name":"(anonymous_1)","decl":{"start":{"line":6,"column":48},"end":{"line":6,"column":51}},"loc":{"start":{"line":6,"column":54},"end":{"line":6,"column":71}}},"2":{"name":"(anonymous_2)","decl":{"start":{"line":13,"column":12},"end":{"line":13,"column":15}},"loc":{"start":{"line":13,"column":17},"end":{"line":15,"column":3}}},"3":{"name":"(anonymous_3)","decl":{"start":{"line":18,"column":12},"end":{"line":18,"column":15}},"loc":{"start":{"line":18,"column":17},"end":{"line":20,"column":3}}},"4":{"name":"useObserveSelector","decl":{"start":{"line":25,"column":16},"end":{"line":25,"column":34}},"loc":{"start":{"line":28,"column":44},"end":{"line":54,"column":1}}},"5":{"name":"(anonymous_5)","decl":{"start":{"line":36,"column":6},"end":{"line":36,"column":7}},"loc":{"start":{"line":36,"column":16},"end":{"line":38,"column":7}}},"6":{"name":"(anonymous_6)","decl":{"start":{"line":39,"column":6},"end":{"line":39,"column":7}},"loc":{"start":{"line":39,"column":12},"end":{"line":42,"column":7}}},"7":{"name":"(anonymous_7)","decl":{"start":{"line":46,"column":12},"end":{"line":46,"column":15}},"loc":{"start":{"line":46,"column":17},"end":{"line":51,"column":3}}},"8":{"name":"(anonymous_8)","decl":{"start":{"line":47,"column":11},"end":{"line":47,"column":14}},"loc":{"start":{"line":47,"column":16},"end":{"line":50,"column":5}}}},"branchMap":{},"s":{"0":13,"1":13,"2":4,"3":4,"4":1,"5":4,"6":4,"7":4,"8":4,"9":4,"10":1,"11":4,"12":13,"13":2,"14":2,"15":2,"16":4,"17":1,"18":1,"19":2,"20":1,"21":1,"22":1,"23":2,"24":13},"f":{"0":4,"1":1,"2":4,"3":1,"4":2,"5":4,"6":1,"7":1,"8":1},"b":{}}
,"/Users/alex.brombal/dev/keck/src/observables/map.ts": {"path":"/Users/alex.brombal/dev/keck/src/observables/map.ts","statementMap":{"0":{"start":{"line":1,"column":0},"end":{"line":1,"column":87}},"1":{"start":{"line":3,"column":14},"end":{"line":3,"column":28}},"2":{"start":{"line":7,"column":4},"end":{"line":7,"column":12}},"3":{"start":{"line":6,"column":22},"end":{"line":6,"column":55}},"4":{"start":{"line":11,"column":4},"end":{"line":11,"column":26}},"5":{"start":{"line":15,"column":17},"end":{"line":15,"column":30}},"6":{"start":{"line":16,"column":4},"end":{"line":16,"column":21}},"7":{"start":{"line":17,"column":4},"end":{"line":17,"column":65}},"8":{"start":{"line":17,"column":32},"end":{"line":17,"column":65}},"9":{"start":{"line":21,"column":16},"end":{"line":21,"column":36}},"10":{"start":{"line":22,"column":4},"end":{"line":25,"column":null}},"11":{"start":{"line":23,"column":6},"end":{"line":23,"column":37}},"12":{"start":{"line":24,"column":6},"end":{"line":24,"column":39}},"13":{"start":{"line":26,"column":4},"end":{"line":26,"column":15}},"14":{"start":{"line":30,"column":4},"end":{"line":33,"column":16}},"15":{"start":{"line":31,"column":25},"end":{"line":31,"column":63}},"16":{"start":{"line":32,"column":6},"end":{"line":32,"column":54}},"17":{"start":{"line":34,"column":4},"end":{"line":34,"column":19}},"18":{"start":{"line":38,"column":4},"end":{"line":38,"column":36}},"19":{"start":{"line":39,"column":4},"end":{"line":39,"column":29}},"20":{"start":{"line":43,"column":4},"end":{"line":43,"column":36}},"21":{"start":{"line":44,"column":4},"end":{"line":44,"column":29}},"22":{"start":{"line":48,"column":17},"end":{"line":48,"column":30}},"23":{"start":{"line":49,"column":4},"end":{"line":49,"column":29}},"24":{"start":{"line":50,"column":4},"end":{"line":53,"column":null}},"25":{"start":{"line":51,"column":6},"end":{"line":51,"column":37}},"26":{"start":{"line":52,"column":6},"end":{"line":52,"column":39}},"27":{"start":{"line":54,"column":4},"end":{"line":54,"column":16}},"28":{"start":{"line":58,"column":4},"end":{"line":58,"column":66}},"29":{"start":{"line":63,"column":4},"end":{"line":63,"column":38}},"30":{"start":{"line":64,"column":4},"end":{"line":67,"column":null}},"31":{"start":{"line":65,"column":25},"end":{"line":65,"column":63}},"32":{"start":{"line":66,"column":6},"end":{"line":66,"column":30}},"33":{"start":{"line":71,"column":4},"end":{"line":71,"column":35}},"34":{"start":{"line":75,"column":4},"end":{"line":75,"column":38}},"35":{"start":{"line":76,"column":4},"end":{"line":76,"column":27}},"36":{"start":{"line":80,"column":4},"end":{"line":82,"column":null}},"37":{"start":{"line":81,"column":6},"end":{"line":81,"column":18}},"38":{"start":{"line":5,"column":0},"end":{"line":5,"column":13}},"39":{"start":{"line":86,"column":0},"end":{"line":97,"column":52}},"40":{"start":{"line":88,"column":4},"end":{"line":88,"column":34}},"41":{"start":{"line":91,"column":4},"end":{"line":91,"column":29}},"42":{"start":{"line":92,"column":4},"end":{"line":92,"column":36}},"43":{"start":{"line":95,"column":4},"end":{"line":95,"column":26}}},"fnMap":{"0":{"name":"(anonymous_0)","decl":{"start":{"line":6,"column":2},"end":{"line":6,"column":22}},"loc":{"start":{"line":6,"column":55},"end":{"line":8,"column":3}}},"1":{"name":"(anonymous_1)","decl":{"start":{"line":10,"column":2},"end":{"line":10,"column":14}},"loc":{"start":{"line":10,"column":17},"end":{"line":12,"column":3}}},"2":{"name":"(anonymous_2)","decl":{"start":{"line":14,"column":2},"end":{"line":14,"column":7}},"loc":{"start":{"line":14,"column":7},"end":{"line":18,"column":3}}},"3":{"name":"(anonymous_3)","decl":{"start":{"line":20,"column":2},"end":{"line":20,"column":8}},"loc":{"start":{"line":20,"column":15},"end":{"line":27,"column":3}}},"4":{"name":"(anonymous_4)","decl":{"start":{"line":29,"column":2},"end":{"line":29,"column":9}},"loc":{"start":{"line":29,"column":79},"end":{"line":35,"column":3}}},"5":{"name":"(anonymous_5)","decl":{"start":{"line":30,"column":21},"end":{"line":30,"column":22}},"loc":{"start":{"line":30,"column":36},"end":{"line":33,"column":5}}},"6":{"name":"(anonymous_6)","decl":{"start":{"line":37,"column":2},"end":{"line":37,"column":5}},"loc":{"start":{"line":37,"column":12},"end":{"line":40,"column":3}}},"7":{"name":"(anonymous_7)","decl":{"start":{"line":42,"column":2},"end":{"line":42,"column":5}},"loc":{"start":{"line":42,"column":12},"end":{"line":45,"column":3}}},"8":{"name":"(anonymous_8)","decl":{"start":{"line":47,"column":2},"end":{"line":47,"column":5}},"loc":{"start":{"line":47,"column":22},"end":{"line":55,"column":3}}},"9":{"name":"(anonymous_9)","decl":{"start":{"line":57,"column":2},"end":{"line":57,"column":6}},"loc":{"start":{"line":57,"column":10},"end":{"line":59,"column":3}}},"10":{"name":"(anonymous_10)","decl":{"start":{"line":62,"column":2},"end":{"line":62,"column":3}},"loc":{"start":{"line":62,"column":20},"end":{"line":68,"column":3}}},"11":{"name":"(anonymous_11)","decl":{"start":{"line":70,"column":2},"end":{"line":70,"column":9}},"loc":{"start":{"line":70,"column":9},"end":{"line":72,"column":3}}},"12":{"name":"(anonymous_12)","decl":{"start":{"line":74,"column":2},"end":{"line":74,"column":6}},"loc":{"start":{"line":74,"column":6},"end":{"line":77,"column":3}}},"13":{"name":"(anonymous_13)","decl":{"start":{"line":79,"column":2},"end":{"line":79,"column":3}},"loc":{"start":{"line":79,"column":9},"end":{"line":83,"column":3}}},"14":{"name":"(anonymous_14)","decl":{"start":{"line":87,"column":18},"end":{"line":87,"column":19}},"loc":{"start":{"line":87,"column":26},"end":{"line":89,"column":3}}},"15":{"name":"(anonymous_15)","decl":{"start":{"line":90,"column":2},"end":{"line":90,"column":14}},"loc":{"start":{"line":90,"column":42},"end":{"line":93,"column":3}}},"16":{"name":"(anonymous_16)","decl":{"start":{"line":94,"column":2},"end":{"line":94,"column":13}},"loc":{"start":{"line":94,"column":19},"end":{"line":96,"column":3}}}},"branchMap":{"0":{"loc":{"start":{"line":17,"column":4},"end":{"line":17,"column":65}},"type":"if","locations":[{"start":{"line":17,"column":4},"end":{"line":17,"column":65}}]},"1":{"loc":{"start":{"line":22,"column":4},"end":{"line":25,"column":null}},"type":"if","locations":[{"start":{"line":22,"column":4},"end":{"line":25,"column":null}}]},"2":{"loc":{"start":{"line":50,"column":4},"end":{"line":53,"column":null}},"type":"if","locations":[{"start":{"line":50,"column":4},"end":{"line":53,"column":null}}]}},"s":{"0":13,"1":13,"2":31,"3":31,"4":106,"5":6,"6":6,"7":6,"8":6,"9":12,"10":12,"11":6,"12":6,"13":12,"14":3,"15":9,"16":9,"17":3,"18":10,"19":10,"20":2,"21":2,"22":19,"23":19,"24":19,"25":11,"26":11,"27":19,"28":5,"29":3,"30":3,"31":9,"32":9,"33":1,"34":1,"35":1,"36":1,"37":3,"38":13,"39":13,"40":31,"41":3,"42":3,"43":43},"f":{"0":31,"1":106,"2":6,"3":12,"4":3,"5":9,"6":10,"7":2,"8":19,"9":5,"10":3,"11":1,"12":1,"13":1,"14":31,"15":3,"16":43},"b":{"0":[6],"1":[6],"2":[11]}}
,"/Users/alex.brombal/dev/keck/src/observables/object-array.ts": {"path":"/Users/alex.brombal/dev/keck/src/observables/object-array.ts","statementMap":{"0":{"start":{"line":1,"column":0},"end":{"line":1,"column":76}},"1":{"start":{"line":3,"column":13},"end":{"line":69,"column":2}},"2":{"start":{"line":8,"column":4},"end":{"line":58,"column":6}},"3":{"start":{"line":14,"column":10},"end":{"line":14,"column":51}},"4":{"start":{"line":17,"column":10},"end":{"line":17,"column":35}},"5":{"start":{"line":18,"column":10},"end":{"line":18,"column":64}},"6":{"start":{"line":21,"column":10},"end":{"line":21,"column":44}},"7":{"start":{"line":24,"column":10},"end":{"line":24,"column":38}},"8":{"start":{"line":25,"column":10},"end":{"line":25,"column":46}},"9":{"start":{"line":28,"column":10},"end":{"line":28,"column":56}},"10":{"start":{"line":28,"column":33},"end":{"line":28,"column":56}},"11":{"start":{"line":28,"column":46},"end":{"line":28,"column":55}},"12":{"start":{"line":29,"column":24},"end":{"line":29,"column":63}},"13":{"start":{"line":30,"column":10},"end":{"line":30,"column":52}},"14":{"start":{"line":33,"column":27},"end":{"line":33,"column":40}},"15":{"start":{"line":34,"column":27},"end":{"line":34,"column":66}},"16":{"start":{"line":35,"column":10},"end":{"line":35,"column":49}},"17":{"start":{"line":35,"column":37},"end":{"line":35,"column":49}},"18":{"start":{"line":37,"column":10},"end":{"line":46,"column":null}},"19":{"start":{"line":38,"column":32},"end":{"line":38,"column":48}},"20":{"start":{"line":40,"column":30},"end":{"line":40,"column":79}},"21":{"start":{"line":42,"column":12},"end":{"line":42,"column":81}},"22":{"start":{"line":42,"column":50},"end":{"line":42,"column":81}},"23":{"start":{"line":43,"column":12},"end":{"line":43,"column":62}},"24":{"start":{"line":43,"column":35},"end":{"line":43,"column":62}},"25":{"start":{"line":45,"column":12},"end":{"line":45,"column":29}},"26":{"start":{"line":48,"column":25},"end":{"line":48,"column":74}},"27":{"start":{"line":49,"column":10},"end":{"line":49,"column":37}},"28":{"start":{"line":50,"column":10},"end":{"line":50,"column":24}},"29":{"start":{"line":53,"column":22},"end":{"line":53,"column":61}},"30":{"start":{"line":54,"column":10},"end":{"line":54,"column":46}},"31":{"start":{"line":54,"column":19},"end":{"line":54,"column":46}},"32":{"start":{"line":55,"column":10},"end":{"line":55,"column":21}},"33":{"start":{"line":61,"column":4},"end":{"line":61,"column":33}},"34":{"start":{"line":64,"column":4},"end":{"line":64,"column":48}},"35":{"start":{"line":64,"column":30},"end":{"line":64,"column":48}},"36":{"start":{"line":65,"column":18},"end":{"line":65,"column":30}},"37":{"start":{"line":66,"column":4},"end":{"line":66,"column":63}},"38":{"start":{"line":67,"column":4},"end":{"line":67,"column":17}},"39":{"start":{"line":71,"column":0},"end":{"line":71,"column":65}},"40":{"start":{"line":72,"column":0},"end":{"line":72,"column":64}}},"fnMap":{"0":{"name":"(anonymous_0)","decl":{"start":{"line":7,"column":18},"end":{"line":7,"column":19}},"loc":{"start":{"line":7,"column":26},"end":{"line":59,"column":3}}},"1":{"name":"(anonymous_1)","decl":{"start":{"line":13,"column":8},"end":{"line":13,"column":22}},"loc":{"start":{"line":13,"column":22},"end":{"line":15,"column":9}}},"2":{"name":"(anonymous_2)","decl":{"start":{"line":16,"column":8},"end":{"line":16,"column":32}},"loc":{"start":{"line":16,"column":42},"end":{"line":19,"column":9}}},"3":{"name":"(anonymous_3)","decl":{"start":{"line":20,"column":8},"end":{"line":20,"column":15}},"loc":{"start":{"line":20,"column":15},"end":{"line":22,"column":9}}},"4":{"name":"(anonymous_4)","decl":{"start":{"line":23,"column":8},"end":{"line":23,"column":11}},"loc":{"start":{"line":23,"column":19},"end":{"line":26,"column":9}}},"5":{"name":"(anonymous_5)","decl":{"start":{"line":27,"column":8},"end":{"line":27,"column":11}},"loc":{"start":{"line":27,"column":19},"end":{"line":31,"column":9}}},"6":{"name":"(anonymous_6)","decl":{"start":{"line":28,"column":40},"end":{"line":28,"column":43}},"loc":{"start":{"line":28,"column":46},"end":{"line":28,"column":55}}},"7":{"name":"(anonymous_7)","decl":{"start":{"line":32,"column":8},"end":{"line":32,"column":11}},"loc":{"start":{"line":32,"column":26},"end":{"line":51,"column":9}}},"8":{"name":"(anonymous_8)","decl":{"start":{"line":52,"column":8},"end":{"line":52,"column":22}},"loc":{"start":{"line":52,"column":30},"end":{"line":56,"column":9}}},"9":{"name":"(anonymous_9)","decl":{"start":{"line":60,"column":2},"end":{"line":60,"column":14}},"loc":{"start":{"line":60,"column":42},"end":{"line":62,"column":3}}},"10":{"name":"(anonymous_10)","decl":{"start":{"line":63,"column":2},"end":{"line":63,"column":13}},"loc":{"start":{"line":63,"column":24},"end":{"line":68,"column":3}}}},"branchMap":{"0":{"loc":{"start":{"line":28,"column":10},"end":{"line":28,"column":56}},"type":"if","locations":[{"start":{"line":28,"column":10},"end":{"line":28,"column":56}}]},"1":{"loc":{"start":{"line":35,"column":10},"end":{"line":35,"column":49}},"type":"if","locations":[{"start":{"line":35,"column":10},"end":{"line":35,"column":49}}]},"2":{"loc":{"start":{"line":37,"column":10},"end":{"line":46,"column":null}},"type":"if","locations":[{"start":{"line":37,"column":10},"end":{"line":46,"column":null}}]},"3":{"loc":{"start":{"line":42,"column":12},"end":{"line":42,"column":81}},"type":"if","locations":[{"start":{"line":42,"column":12},"end":{"line":42,"column":81}}]},"4":{"loc":{"start":{"line":43,"column":12},"end":{"line":43,"column":62}},"type":"if","locations":[{"start":{"line":43,"column":12},"end":{"line":43,"column":62}}]},"5":{"loc":{"start":{"line":54,"column":10},"end":{"line":54,"column":46}},"type":"if","locations":[{"start":{"line":54,"column":10},"end":{"line":54,"column":46}}]},"6":{"loc":{"start":{"line":64,"column":4},"end":{"line":64,"column":48}},"type":"if","locations":[{"start":{"line":64,"column":4},"end":{"line":64,"column":48}}]}},"s":{"0":13,"1":13,"2":241,"3":11,"4":66,"5":66,"6":23,"7":8,"8":8,"9":567,"10":2,"11":2,"12":565,"13":565,"14":90,"15":90,"16":90,"17":8,"18":82,"19":12,"20":12,"21":12,"22":8,"23":12,"24":9,"25":12,"26":70,"27":70,"28":70,"29":5,"30":5,"31":5,"32":5,"33":140,"34":80,"35":37,"36":43,"37":43,"38":43,"39":13,"40":13},"f":{"0":241,"1":11,"2":66,"3":23,"4":8,"5":567,"6":2,"7":90,"8":5,"9":140,"10":80},"b":{"0":[2],"1":[8],"2":[12],"3":[8],"4":[9],"5":[5],"6":[37]}}
,"/Users/alex.brombal/dev/keck/src/observables/set.ts": {"path":"/Users/alex.brombal/dev/keck/src/observables/set.ts","statementMap":{"0":{"start":{"line":1,"column":0},"end":{"line":1,"column":87}},"1":{"start":{"line":3,"column":14},"end":{"line":3,"column":28}},"2":{"start":{"line":7,"column":4},"end":{"line":7,"column":12}},"3":{"start":{"line":6,"column":22},"end":{"line":6,"column":52}},"4":{"start":{"line":11,"column":4},"end":{"line":11,"column":26}},"5":{"start":{"line":15,"column":17},"end":{"line":15,"column":30}},"6":{"start":{"line":16,"column":4},"end":{"line":16,"column":24}},"7":{"start":{"line":17,"column":4},"end":{"line":17,"column":65}},"8":{"start":{"line":17,"column":32},"end":{"line":17,"column":65}},"9":{"start":{"line":18,"column":4},"end":{"line":18,"column":16}},"10":{"start":{"line":22,"column":17},"end":{"line":22,"column":30}},"11":{"start":{"line":23,"column":4},"end":{"line":23,"column":21}},"12":{"start":{"line":24,"column":4},"end":{"line":24,"column":65}},"13":{"start":{"line":24,"column":32},"end":{"line":24,"column":65}},"14":{"start":{"line":28,"column":16},"end":{"line":28,"column":38}},"15":{"start":{"line":29,"column":4},"end":{"line":29,"column":46}},"16":{"start":{"line":29,"column":13},"end":{"line":29,"column":46}},"17":{"start":{"line":30,"column":4},"end":{"line":30,"column":15}},"18":{"start":{"line":34,"column":4},"end":{"line":37,"column":16}},"19":{"start":{"line":35,"column":25},"end":{"line":35,"column":65}},"20":{"start":{"line":36,"column":6},"end":{"line":36,"column":61}},"21":{"start":{"line":38,"column":4},"end":{"line":38,"column":19}},"22":{"start":{"line":42,"column":4},"end":{"line":42,"column":38}},"23":{"start":{"line":43,"column":4},"end":{"line":43,"column":31}},"24":{"start":{"line":47,"column":4},"end":{"line":47,"column":60}},"25":{"start":{"line":51,"column":4},"end":{"line":51,"column":38}},"26":{"start":{"line":52,"column":4},"end":{"line":54,"column":null}},"27":{"start":{"line":53,"column":6},"end":{"line":53,"column":58}},"28":{"start":{"line":58,"column":4},"end":{"line":60,"column":null}},"29":{"start":{"line":59,"column":6},"end":{"line":59,"column":27}},"30":{"start":{"line":64,"column":4},"end":{"line":64,"column":35}},"31":{"start":{"line":68,"column":4},"end":{"line":68,"column":35}},"32":{"start":{"line":72,"column":0},"end":{"line":83,"column":43}},"33":{"start":{"line":74,"column":4},"end":{"line":74,"column":34}},"34":{"start":{"line":77,"column":4},"end":{"line":77,"column":29}},"35":{"start":{"line":78,"column":4},"end":{"line":78,"column":24}},"36":{"start":{"line":81,"column":4},"end":{"line":81,"column":26}}},"fnMap":{"0":{"name":"(anonymous_0)","decl":{"start":{"line":6,"column":2},"end":{"line":6,"column":22}},"loc":{"start":{"line":6,"column":52},"end":{"line":8,"column":3}}},"1":{"name":"(anonymous_1)","decl":{"start":{"line":10,"column":2},"end":{"line":10,"column":14}},"loc":{"start":{"line":10,"column":17},"end":{"line":12,"column":3}}},"2":{"name":"(anonymous_2)","decl":{"start":{"line":14,"column":2},"end":{"line":14,"column":5}},"loc":{"start":{"line":14,"column":14},"end":{"line":19,"column":3}}},"3":{"name":"(anonymous_3)","decl":{"start":{"line":21,"column":2},"end":{"line":21,"column":7}},"loc":{"start":{"line":21,"column":7},"end":{"line":25,"column":3}}},"4":{"name":"(anonymous_4)","decl":{"start":{"line":27,"column":2},"end":{"line":27,"column":8}},"loc":{"start":{"line":27,"column":17},"end":{"line":31,"column":3}}},"5":{"name":"(anonymous_5)","decl":{"start":{"line":33,"column":2},"end":{"line":33,"column":9}},"loc":{"start":{"line":33,"column":77},"end":{"line":39,"column":3}}},"6":{"name":"(anonymous_6)","decl":{"start":{"line":34,"column":21},"end":{"line":34,"column":22}},"loc":{"start":{"line":34,"column":37},"end":{"line":37,"column":5}}},"7":{"name":"(anonymous_7)","decl":{"start":{"line":41,"column":2},"end":{"line":41,"column":5}},"loc":{"start":{"line":41,"column":14},"end":{"line":44,"column":3}}},"8":{"name":"(anonymous_8)","decl":{"start":{"line":46,"column":2},"end":{"line":46,"column":6}},"loc":{"start":{"line":46,"column":10},"end":{"line":48,"column":3}}},"9":{"name":"(anonymous_9)","decl":{"start":{"line":50,"column":2},"end":{"line":50,"column":3}},"loc":{"start":{"line":50,"column":20},"end":{"line":55,"column":3}}},"10":{"name":"(anonymous_10)","decl":{"start":{"line":57,"column":2},"end":{"line":57,"column":3}},"loc":{"start":{"line":57,"column":10},"end":{"line":61,"column":3}}},"11":{"name":"(anonymous_11)","decl":{"start":{"line":63,"column":2},"end":{"line":63,"column":6}},"loc":{"start":{"line":63,"column":6},"end":{"line":65,"column":3}}},"12":{"name":"(anonymous_12)","decl":{"start":{"line":67,"column":2},"end":{"line":67,"column":8}},"loc":{"start":{"line":67,"column":8},"end":{"line":69,"column":3}}},"13":{"name":"(anonymous_13)","decl":{"start":{"line":73,"column":18},"end":{"line":73,"column":19}},"loc":{"start":{"line":73,"column":26},"end":{"line":75,"column":3}}},"14":{"name":"(anonymous_14)","decl":{"start":{"line":76,"column":2},"end":{"line":76,"column":14}},"loc":{"start":{"line":76,"column":42},"end":{"line":79,"column":3}}},"15":{"name":"(anonymous_15)","decl":{"start":{"line":80,"column":2},"end":{"line":80,"column":13}},"loc":{"start":{"line":80,"column":19},"end":{"line":82,"column":3}}}},"branchMap":{"0":{"loc":{"start":{"line":17,"column":4},"end":{"line":17,"column":65}},"type":"if","locations":[{"start":{"line":17,"column":4},"end":{"line":17,"column":65}}]},"1":{"loc":{"start":{"line":24,"column":4},"end":{"line":24,"column":65}},"type":"if","locations":[{"start":{"line":24,"column":4},"end":{"line":24,"column":65}}]},"2":{"loc":{"start":{"line":29,"column":4},"end":{"line":29,"column":46}},"type":"if","locations":[{"start":{"line":29,"column":4},"end":{"line":29,"column":46}}]}},"s":{"0":13,"1":13,"2":28,"3":28,"4":99,"5":14,"6":14,"7":14,"8":8,"9":14,"10":8,"11":8,"12":8,"13":6,"14":12,"15":12,"16":6,"17":12,"18":3,"19":9,"20":9,"21":3,"22":9,"23":9,"24":5,"25":4,"26":4,"27":12,"28":1,"29":3,"30":1,"31":1,"32":13,"33":28,"34":3,"35":3,"36":23},"f":{"0":28,"1":99,"2":14,"3":8,"4":12,"5":3,"6":9,"7":9,"8":5,"9":4,"10":1,"11":1,"12":1,"13":28,"14":3,"15":23},"b":{"0":[8],"1":[6],"2":[6]}}
}
