TN:
SF:src/createObserver.ts
FN:59,(anonymous_0)
FN:71,(anonymous_1)
FN:89,(anonymous_2)
FN:98,(anonymous_3)
FN:100,(anonymous_4)
FN:126,(anonymous_5)
FN:144,(anonymous_6)
FN:148,(anonymous_7)
FN:180,(anonymous_8)
FN:202,(anonymous_9)
FN:243,(anonymous_10)
FN:274,(anonymous_11)
FN:317,(anonymous_12)
FN:331,createObserver
FN:336,createSimpleObserver
FN:344,createdDerivedObserver
FN:350,(anonymous_16)
FN:353,(anonymous_17)
FN:368,derive
FN:404,(anonymous_19)
FN:411,configure
FN:418,reset
FN:425,getObservableContext
FN:439,unwrap
FN:447,observe
FNF:25
FNH:25
FNDA:253,(anonymous_0)
FNDA:499,(anonymous_1)
FNDA:104,(anonymous_2)
FNDA:11,(anonymous_3)
FNDA:7,(anonymous_4)
FNDA:306,(anonymous_5)
FNDA:2806,(anonymous_6)
FNDA:380,(anonymous_7)
FNDA:7,(anonymous_8)
FNDA:949,(anonymous_9)
FNDA:549,(anonymous_10)
FNDA:244,(anonymous_11)
FNDA:1067,(anonymous_12)
FNDA:104,createObserver
FNDA:104,createSimpleObserver
FNDA:6,createdDerivedObserver
FNDA:5,(anonymous_16)
FNDA:12,(anonymous_17)
FNDA:32,derive
FNDA:115,(anonymous_19)
FNDA:74,configure
FNDA:12,reset
FNDA:284,getObservableContext
FNDA:252,unwrap
FNDA:32,observe
DA:1,16
DA:2,16
DA:9,16
DA:11,16
DA:18,16
DA:40,253
DA:52,253
DA:57,253
DA:60,253
DA:61,253
DA:62,253
DA:64,253
DA:65,1
DA:67,252
DA:68,157
DA:72,499
DA:82,104
DA:83,104
DA:87,104
DA:91,104
DA:94,104
DA:95,103
DA:99,11
DA:100,11
DA:101,11
DA:119,16
DA:127,306
DA:133,306
DA:139,305
DA:140,305
DA:141,305
DA:145,2806
DA:149,380
DA:150,380
DA:152,380
DA:153,380
DA:155,380
DA:156,380
DA:157,237
DA:166,380
DA:168,53
DA:172,327
DA:173,182
DA:175,182
DA:177,327
DA:180,380
DA:208,949
DA:210,928
DA:213,928
DA:219,517
DA:223,517
DA:224,517
DA:225,202
DA:226,202
DA:229,517
DA:233,52
DA:235,517
DA:239,411
DA:240,411
DA:248,549
DA:249,549
DA:252,549
DA:253,549
DA:254,185
DA:257,8
DA:258,177
DA:261,12
DA:262,12
DA:263,12
DA:268,549
DA:269,27
DA:270,27
DA:274,549
DA:275,244
DA:276,244
DA:277,29
DA:278,29
DA:279,29
DA:280,29
DA:282,29
DA:283,29
DA:286,244
DA:288,88
DA:290,244
DA:291,127
DA:293,244
DA:294,140
DA:298,549
DA:303,549
DA:304,165
DA:309,384
DA:310,192
DA:318,1067
DA:331,16
DA:332,104
DA:333,6
DA:339,104
DA:340,104
DA:341,103
DA:350,6
DA:351,5
DA:353,12
DA:354,6
DA:355,6
DA:368,16
DA:372,32
DA:373,12
DA:374,12
DA:375,12
DA:376,12
DA:404,115
DA:411,16
DA:412,74
DA:413,74
DA:414,1
DA:415,73
DA:418,16
DA:419,12
DA:420,12
DA:421,1
DA:422,11
DA:426,284
DA:427,284
DA:429,50
DA:430,1
DA:432,49
DA:439,16
DA:440,252
DA:441,251
DA:447,16
DA:448,32
DA:449,32
DA:452,28
DA:453,26
DA:455,28
LF:135
LH:135
BRDA:64,0,0,1
BRDA:67,1,0,95
BRDA:67,1,1,157
BRDA:134,2,0,306
BRDA:134,2,1,303
BRDA:134,2,2,258
BRDA:134,2,3,253
BRDA:148,3,0,232
BRDA:153,4,0,216
BRDA:156,5,0,237
BRDA:161,6,0,23
BRDA:161,6,1,214
BRDA:166,7,0,53
BRDA:166,7,1,327
BRDA:166,8,0,380
BRDA:166,8,1,56
BRDA:172,9,0,182
BRDA:208,10,0,21
BRDA:213,11,0,517
BRDA:214,12,0,928
BRDA:214,12,1,743
BRDA:214,12,2,740
BRDA:219,13,0,1
BRDA:219,13,1,516
BRDA:223,14,0,30
BRDA:223,15,0,517
BRDA:223,15,1,345
BRDA:224,16,0,202
BRDA:229,17,0,52
BRDA:230,18,0,517
BRDA:230,18,1,384
BRDA:230,18,2,361
BRDA:230,18,3,358
BRDA:239,19,0,180
BRDA:253,20,0,185
BRDA:254,21,0,8
BRDA:254,21,1,177
BRDA:254,22,0,185
BRDA:254,22,1,179
BRDA:258,23,0,12
BRDA:268,24,0,27
BRDA:268,25,0,549
BRDA:268,25,1,83
BRDA:276,26,0,29
BRDA:281,27,0,29
BRDA:281,27,1,29
BRDA:281,28,0,29
BRDA:281,28,1,23
BRDA:286,29,0,88
BRDA:290,30,0,127
BRDA:290,31,0,244
BRDA:290,31,1,156
BRDA:293,32,0,140
BRDA:293,33,0,244
BRDA:293,33,1,242
BRDA:294,34,0,140
BRDA:294,34,1,100
BRDA:294,35,0,140
BRDA:294,35,1,100
BRDA:303,36,0,165
BRDA:303,36,1,384
BRDA:307,37,0,165
BRDA:307,37,1,142
BRDA:309,38,0,192
BRDA:313,39,0,192
BRDA:313,39,1,50
BRDA:332,40,0,98
BRDA:332,40,1,6
BRDA:348,41,0,6
BRDA:372,42,0,20
BRDA:413,43,0,1
BRDA:413,44,0,74
BRDA:413,44,1,74
BRDA:420,45,0,1
BRDA:420,46,0,12
BRDA:420,46,1,12
BRDA:427,47,0,234
BRDA:429,48,0,1
BRDA:429,49,0,50
BRDA:429,49,1,50
BRDA:441,50,0,21
BRDA:441,50,1,230
BRDA:449,51,0,4
BRDA:452,52,0,26
BRDA:453,53,0,26
BRDA:453,53,1,1
BRF:86
BRH:86
end_of_record
TN:
SF:src/index.ts
FN:7,(anonymous_0)
FN:8,(anonymous_1)
FN:9,(anonymous_2)
FN:10,(anonymous_3)
FN:11,(anonymous_4)
FN:12,(anonymous_5)
FN:15,(anonymous_6)
FN:17,(anonymous_7)
FN:19,(anonymous_8)
FN:21,(anonymous_9)
FN:21,(anonymous_10)
FNF:11
FNH:11
FNDA:104,(anonymous_0)
FNDA:17,(anonymous_1)
FNDA:68,(anonymous_2)
FNDA:26,(anonymous_3)
FNDA:12,(anonymous_4)
FNDA:32,(anonymous_5)
FNDA:2,(anonymous_6)
FNDA:4,(anonymous_7)
FNDA:2,(anonymous_8)
FNDA:6,(anonymous_9)
FNDA:2,(anonymous_10)
DA:1,16
DA:2,16
DA:3,16
DA:5,16
DA:7,120
DA:8,33
DA:9,84
DA:10,42
DA:11,28
DA:12,48
DA:15,18
DA:17,20
DA:19,18
DA:21,22
LF:14
LH:14
BRF:0
BRH:0
end_of_record
TN:
SF:src/observableFactories.ts
FNF:0
FNH:0
DA:29,16
LF:1
LH:1
BRF:0
BRH:0
end_of_record
TN:
SF:src/react.tsx
FN:4,useObserver
FN:7,(anonymous_1)
FN:15,(anonymous_2)
FN:20,(anonymous_3)
FN:21,(anonymous_4)
FN:30,useObserveSelector
FN:41,(anonymous_6)
FN:44,(anonymous_7)
FN:51,(anonymous_8)
FN:52,(anonymous_9)
FNF:10
FNH:10
FNDA:6,useObserver
FNDA:2,(anonymous_1)
FNDA:6,(anonymous_2)
FNDA:2,(anonymous_3)
FNDA:2,(anonymous_4)
FNDA:2,useObserveSelector
FNDA:5,(anonymous_6)
FNDA:1,(anonymous_7)
FNDA:1,(anonymous_8)
FNDA:1,(anonymous_9)
DA:1,16
DA:2,16
DA:4,16
DA:5,6
DA:6,6
DA:7,6
DA:8,6
DA:11,6
DA:12,6
DA:15,6
DA:16,6
DA:20,6
DA:21,2
DA:22,2
DA:23,2
DA:27,6
DA:30,16
DA:35,2
DA:37,2
DA:38,2
DA:42,5
DA:45,1
DA:46,1
DA:51,2
DA:52,1
DA:55,2
LF:26
LH:26
BRDA:7,0,0,2
BRF:1
BRH:1
end_of_record
TN:
SF:src/ref.ts
FN:5,ref
FN:12,isRef
FNF:2
FNH:2
FNDA:4,ref
FNDA:745,isRef
DA:1,16
DA:3,16
DA:5,16
DA:6,4
DA:7,4
DA:8,1
DA:9,1
DA:12,16
DA:13,745
LF:9
LH:9
BRDA:6,0,0,4
BRDA:6,0,1,3
BRDA:7,1,0,3
BRF:3
BRH:3
end_of_record
TN:
SF:src/factories/map.ts
FN:7,(anonymous_0)
FN:11,(anonymous_1)
FN:15,(anonymous_2)
FN:21,(anonymous_3)
FN:30,(anonymous_4)
FN:31,(anonymous_5)
FN:38,(anonymous_6)
FN:43,(anonymous_7)
FN:48,(anonymous_8)
FN:58,(anonymous_9)
FN:63,(anonymous_10)
FN:71,(anonymous_11)
FN:75,(anonymous_12)
FN:80,(anonymous_13)
FN:88,(anonymous_14)
FN:91,(anonymous_15)
FN:95,(anonymous_16)
FNF:17
FNH:17
FNDA:18,(anonymous_0)
FNDA:106,(anonymous_1)
FNDA:6,(anonymous_2)
FNDA:12,(anonymous_3)
FNDA:3,(anonymous_4)
FNDA:9,(anonymous_5)
FNDA:10,(anonymous_6)
FNDA:2,(anonymous_7)
FNDA:19,(anonymous_8)
FNDA:5,(anonymous_9)
FNDA:3,(anonymous_10)
FNDA:1,(anonymous_11)
FNDA:1,(anonymous_12)
FNDA:1,(anonymous_13)
FNDA:18,(anonymous_14)
FNDA:3,(anonymous_15)
FNDA:6,(anonymous_16)
DA:2,16
DA:4,16
DA:6,16
DA:7,18
DA:8,18
DA:12,106
DA:16,6
DA:17,6
DA:18,6
DA:22,12
DA:23,12
DA:24,6
DA:25,6
DA:27,12
DA:31,3
DA:32,9
DA:33,9
DA:35,3
DA:39,10
DA:40,10
DA:44,2
DA:45,2
DA:49,19
DA:50,19
DA:51,19
DA:52,11
DA:53,11
DA:55,19
DA:59,5
DA:64,3
DA:65,3
DA:66,9
DA:67,9
DA:72,1
DA:76,1
DA:77,1
DA:81,1
DA:82,3
DA:87,16
DA:89,18
DA:92,3
DA:93,3
DA:96,6
LF:43
LH:43
BRDA:18,0,0,6
BRDA:23,1,0,6
BRDA:51,2,0,11
BRF:3
BRH:3
end_of_record
TN:
SF:src/factories/object.ts
FN:5,(anonymous_0)
FN:11,(anonymous_1)
FN:14,(anonymous_2)
FN:18,(anonymous_3)
FN:21,(anonymous_4)
FN:25,(anonymous_5)
FN:26,(anonymous_6)
FN:30,(anonymous_7)
FN:50,(anonymous_8)
FN:58,(anonymous_9)
FN:61,(anonymous_10)
FNF:11
FNH:11
FNDA:272,(anonymous_0)
FNDA:11,(anonymous_1)
FNDA:81,(anonymous_2)
FNDA:26,(anonymous_3)
FNDA:10,(anonymous_4)
FNDA:756,(anonymous_5)
FNDA:2,(anonymous_6)
FNDA:131,(anonymous_7)
FNDA:5,(anonymous_8)
FNDA:161,(anonymous_9)
FNDA:20,(anonymous_10)
DA:1,16
DA:2,16
DA:4,16
DA:6,272
DA:12,11
DA:15,81
DA:16,81
DA:19,26
DA:22,10
DA:23,10
DA:26,756
DA:27,754
DA:28,754
DA:31,131
DA:32,130
DA:33,130
DA:35,121
DA:36,16
DA:38,16
DA:40,16
DA:41,16
DA:43,16
DA:46,105
DA:47,105
DA:48,105
DA:51,5
DA:52,5
DA:53,5
DA:59,161
DA:62,20
DA:63,13
DA:64,13
DA:65,13
DA:69,16
DA:70,16
LF:35
LH:35
BRDA:26,0,0,2
BRDA:33,1,0,9
BRDA:35,2,0,16
BRDA:40,3,0,9
BRDA:41,4,0,13
BRDA:52,5,0,5
BRDA:62,6,0,7
BRF:7
BRH:7
end_of_record
TN:
SF:src/factories/set.ts
FN:7,(anonymous_0)
FN:11,(anonymous_1)
FN:15,(anonymous_2)
FN:22,(anonymous_3)
FN:28,(anonymous_4)
FN:34,(anonymous_5)
FN:35,(anonymous_6)
FN:42,(anonymous_7)
FN:47,(anonymous_8)
FN:51,(anonymous_9)
FN:58,(anonymous_10)
FN:64,(anonymous_11)
FN:68,(anonymous_12)
FN:74,(anonymous_13)
FN:77,(anonymous_14)
FN:81,(anonymous_15)
FNF:16
FNH:16
FNDA:15,(anonymous_0)
FNDA:99,(anonymous_1)
FNDA:14,(anonymous_2)
FNDA:8,(anonymous_3)
FNDA:12,(anonymous_4)
FNDA:3,(anonymous_5)
FNDA:9,(anonymous_6)
FNDA:9,(anonymous_7)
FNDA:5,(anonymous_8)
FNDA:4,(anonymous_9)
FNDA:1,(anonymous_10)
FNDA:1,(anonymous_11)
FNDA:1,(anonymous_12)
FNDA:15,(anonymous_13)
FNDA:3,(anonymous_14)
FNDA:1,(anonymous_15)
DA:2,16
DA:4,16
DA:7,15
DA:8,15
DA:12,99
DA:16,14
DA:17,14
DA:18,14
DA:19,14
DA:23,8
DA:24,8
DA:25,8
DA:29,12
DA:30,12
DA:31,12
DA:35,3
DA:36,9
DA:37,9
DA:39,3
DA:43,9
DA:44,9
DA:48,5
DA:52,4
DA:53,4
DA:54,12
DA:59,1
DA:60,3
DA:65,1
DA:69,1
DA:73,16
DA:75,15
DA:78,3
DA:79,3
DA:82,1
LF:34
LH:34
BRDA:18,0,0,8
BRDA:25,1,0,6
BRDA:30,2,0,6
BRF:3
BRH:3
end_of_record
