TN:
SF:src/index.ts
FN:8,(anonymous_0)
FN:9,(anonymous_1)
FN:10,(anonymous_2)
FN:11,(anonymous_3)
FN:14,(anonymous_4)
FN:16,(anonymous_5)
FN:16,(anonymous_6)
FNF:7
FNH:7
FNDA:84,(anonymous_0)
FNDA:47,(anonymous_1)
FNDA:2,(anonymous_2)
FNDA:1,(anonymous_3)
FNDA:2,(anonymous_4)
FNDA:4,(anonymous_5)
FNDA:2,(anonymous_6)
DA:1,13
DA:2,13
DA:3,13
DA:5,13
DA:8,97
DA:9,60
DA:10,15
DA:11,14
DA:14,15
DA:16,17
LF:10
LH:10
BRF:0
BRH:0
end_of_record
TN:
SF:src/observe.tsx
FN:109,getDataNode
FN:137,getObservableContext
FN:154,(anonymous_2)
FN:157,(anonymous_3)
FN:163,addObserver
FN:168,(anonymous_5)
FN:184,(anonymous_6)
FN:197,(anonymous_7)
FN:261,observe
FN:266,createObserver
FN:283,(anonymous_10)
FN:287,(anonymous_11)
FN:291,(anonymous_12)
FN:294,(anonymous_13)
FN:297,(anonymous_14)
FN:300,(anonymous_15)
FN:318,createObserverSelector
FN:326,(anonymous_17)
FN:346,unwrap
FN:362,observerActions
FNF:20
FNH:20
FNDA:681,getDataNode
FNDA:861,getObservableContext
FNDA:2188,(anonymous_2)
FNDA:759,(anonymous_3)
FNDA:359,addObserver
FNDA:3,(anonymous_5)
FNDA:450,(anonymous_6)
FNDA:126,(anonymous_7)
FNDA:90,observe
FNDA:84,createObserver
FNDA:17,(anonymous_10)
FNDA:43,(anonymous_11)
FNDA:3,(anonymous_12)
FNDA:1,(anonymous_13)
FNDA:6,(anonymous_14)
FNDA:3,(anonymous_15)
FNDA:6,createObserverSelector
FNDA:6,(anonymous_17)
FNDA:137,unwrap
FNDA:1,observerActions
DA:36,13
DA:43,13
DA:80,13
DA:107,13
DA:114,681
DA:115,681
DA:116,321
DA:117,321
DA:120,360
DA:121,360
DA:123,198
DA:132,198
DA:133,73
DA:134,198
DA:141,861
DA:144,861
DA:145,77
DA:146,77
DA:148,861
DA:150,300
DA:155,2188
DA:159,759
DA:160,14
DA:164,359
DA:165,181
DA:166,181
DA:167,181
DA:168,181
DA:171,745
DA:173,599
DA:174,599
DA:175,438
DA:176,438
DA:181,307
DA:182,307
DA:185,450
DA:187,146
DA:189,146
DA:193,450
DA:194,159
DA:197,450
DA:198,126
DA:202,450
DA:209,450
DA:210,298
DA:215,300
DA:216,300
DA:217,300
DA:218,300
DA:219,300
DA:261,13
DA:262,90
DA:263,6
DA:266,13
DA:272,84
DA:273,84
DA:274,84
DA:276,83
DA:284,17
DA:285,17
DA:288,43
DA:289,43
DA:292,3
DA:295,1
DA:298,6
DA:299,6
DA:300,6
DA:301,6
DA:306,83
DA:307,83
DA:318,13
DA:326,6
DA:327,6
DA:328,6
DA:329,6
DA:331,6
DA:332,6
DA:335,6
DA:336,6
DA:337,6
DA:339,6
DA:346,13
DA:347,137
DA:348,137
DA:349,43
DA:350,42
DA:356,43
DA:362,13
DA:363,1
LF:89
LH:89
BRDA:114,0,0,599
BRDA:114,0,1,82
BRDA:115,1,0,321
BRDA:121,2,0,162
BRDA:132,3,0,125
BRDA:132,3,1,73
BRDA:144,4,0,77
BRDA:144,5,0,861
BRDA:144,5,1,638
BRDA:148,6,0,561
BRDA:157,7,0,717
BRDA:159,8,0,14
BRDA:164,9,0,178
BRDA:166,10,0,131
BRDA:171,11,0,599
BRDA:174,12,0,438
BRDA:175,13,0,52
BRDA:175,14,0,438
BRDA:175,14,1,428
BRDA:185,15,0,146
BRDA:193,16,0,159
BRDA:209,17,0,298
BRDA:210,18,0,298
BRDA:210,18,1,152
BRDA:262,19,0,84
BRDA:262,19,1,6
BRDA:273,20,0,84
BRDA:273,20,1,82
BRDA:274,21,0,1
BRDA:283,22,0,5
BRDA:322,23,0,6
BRDA:331,24,0,5
BRDA:346,25,0,136
BRDA:348,26,0,94
BRDA:349,27,0,42
BRDA:350,28,0,42
BRDA:350,28,1,4
BRF:37
BRH:37
end_of_record
TN:
SF:src/react.tsx
FN:4,useObserver
FN:6,(anonymous_1)
FN:13,(anonymous_2)
FN:18,(anonymous_3)
FN:25,useObserveSelector
FN:36,(anonymous_5)
FN:39,(anonymous_6)
FN:46,(anonymous_7)
FN:47,(anonymous_8)
FNF:9
FNH:9
FNDA:4,useObserver
FNDA:1,(anonymous_1)
FNDA:4,(anonymous_2)
FNDA:1,(anonymous_3)
FNDA:2,useObserveSelector
FNDA:4,(anonymous_5)
FNDA:1,(anonymous_6)
FNDA:1,(anonymous_7)
FNDA:1,(anonymous_8)
DA:1,13
DA:2,13
DA:4,13
DA:5,4
DA:6,4
DA:9,4
DA:10,4
DA:13,4
DA:14,4
DA:18,4
DA:19,1
DA:22,4
DA:25,13
DA:30,2
DA:32,2
DA:33,2
DA:37,4
DA:40,1
DA:41,1
DA:46,2
DA:47,1
DA:48,1
DA:49,1
DA:53,2
LF:24
LH:24
BRF:0
BRH:0
end_of_record
TN:
SF:src/observables/map.ts
FN:6,(anonymous_0)
FN:10,(anonymous_1)
FN:14,(anonymous_2)
FN:20,(anonymous_3)
FN:29,(anonymous_4)
FN:30,(anonymous_5)
FN:37,(anonymous_6)
FN:42,(anonymous_7)
FN:47,(anonymous_8)
FN:57,(anonymous_9)
FN:62,(anonymous_10)
FN:70,(anonymous_11)
FN:74,(anonymous_12)
FN:79,(anonymous_13)
FN:87,(anonymous_14)
FN:90,(anonymous_15)
FN:94,(anonymous_16)
FNF:17
FNH:17
FNDA:31,(anonymous_0)
FNDA:106,(anonymous_1)
FNDA:6,(anonymous_2)
FNDA:12,(anonymous_3)
FNDA:3,(anonymous_4)
FNDA:9,(anonymous_5)
FNDA:10,(anonymous_6)
FNDA:2,(anonymous_7)
FNDA:19,(anonymous_8)
FNDA:5,(anonymous_9)
FNDA:3,(anonymous_10)
FNDA:1,(anonymous_11)
FNDA:1,(anonymous_12)
FNDA:1,(anonymous_13)
FNDA:31,(anonymous_14)
FNDA:3,(anonymous_15)
FNDA:43,(anonymous_16)
DA:1,13
DA:3,13
DA:5,13
DA:6,31
DA:7,31
DA:11,106
DA:15,6
DA:16,6
DA:17,6
DA:21,12
DA:22,12
DA:23,6
DA:24,6
DA:26,12
DA:30,3
DA:31,9
DA:32,9
DA:34,3
DA:38,10
DA:39,10
DA:43,2
DA:44,2
DA:48,19
DA:49,19
DA:50,19
DA:51,11
DA:52,11
DA:54,19
DA:58,5
DA:63,3
DA:64,3
DA:65,9
DA:66,9
DA:71,1
DA:75,1
DA:76,1
DA:80,1
DA:81,3
DA:86,13
DA:88,31
DA:91,3
DA:92,3
DA:95,43
LF:43
LH:43
BRDA:17,0,0,6
BRDA:22,1,0,6
BRDA:50,2,0,11
BRF:3
BRH:3
end_of_record
TN:
SF:src/observables/object-array.ts
FN:7,(anonymous_0)
FN:13,(anonymous_1)
FN:16,(anonymous_2)
FN:20,(anonymous_3)
FN:23,(anonymous_4)
FN:27,(anonymous_5)
FN:28,(anonymous_6)
FN:32,(anonymous_7)
FN:52,(anonymous_8)
FN:60,(anonymous_9)
FN:63,(anonymous_10)
FNF:11
FNH:11
FNDA:241,(anonymous_0)
FNDA:11,(anonymous_1)
FNDA:66,(anonymous_2)
FNDA:23,(anonymous_3)
FNDA:8,(anonymous_4)
FNDA:567,(anonymous_5)
FNDA:2,(anonymous_6)
FNDA:90,(anonymous_7)
FNDA:5,(anonymous_8)
FNDA:140,(anonymous_9)
FNDA:80,(anonymous_10)
DA:1,13
DA:3,13
DA:8,241
DA:14,11
DA:17,66
DA:18,66
DA:21,23
DA:24,8
DA:25,8
DA:28,567
DA:29,565
DA:30,565
DA:33,90
DA:34,90
DA:35,90
DA:37,82
DA:38,12
DA:40,12
DA:42,12
DA:43,12
DA:45,12
DA:48,70
DA:49,70
DA:50,70
DA:53,5
DA:54,5
DA:55,5
DA:61,140
DA:64,80
DA:65,43
DA:66,43
DA:67,43
DA:71,13
DA:72,13
LF:34
LH:34
BRDA:28,0,0,2
BRDA:35,1,0,8
BRDA:37,2,0,12
BRDA:42,3,0,8
BRDA:43,4,0,9
BRDA:54,5,0,5
BRDA:64,6,0,37
BRF:7
BRH:7
end_of_record
TN:
SF:src/observables/set.ts
FN:6,(anonymous_0)
FN:10,(anonymous_1)
FN:14,(anonymous_2)
FN:21,(anonymous_3)
FN:27,(anonymous_4)
FN:33,(anonymous_5)
FN:34,(anonymous_6)
FN:41,(anonymous_7)
FN:46,(anonymous_8)
FN:50,(anonymous_9)
FN:57,(anonymous_10)
FN:63,(anonymous_11)
FN:67,(anonymous_12)
FN:73,(anonymous_13)
FN:76,(anonymous_14)
FN:80,(anonymous_15)
FNF:16
FNH:16
FNDA:28,(anonymous_0)
FNDA:99,(anonymous_1)
FNDA:14,(anonymous_2)
FNDA:8,(anonymous_3)
FNDA:12,(anonymous_4)
FNDA:3,(anonymous_5)
FNDA:9,(anonymous_6)
FNDA:9,(anonymous_7)
FNDA:5,(anonymous_8)
FNDA:4,(anonymous_9)
FNDA:1,(anonymous_10)
FNDA:1,(anonymous_11)
FNDA:1,(anonymous_12)
FNDA:28,(anonymous_13)
FNDA:3,(anonymous_14)
FNDA:23,(anonymous_15)
DA:1,13
DA:3,13
DA:6,28
DA:7,28
DA:11,99
DA:15,14
DA:16,14
DA:17,14
DA:18,14
DA:22,8
DA:23,8
DA:24,8
DA:28,12
DA:29,12
DA:30,12
DA:34,3
DA:35,9
DA:36,9
DA:38,3
DA:42,9
DA:43,9
DA:47,5
DA:51,4
DA:52,4
DA:53,12
DA:58,1
DA:59,3
DA:64,1
DA:68,1
DA:72,13
DA:74,28
DA:77,3
DA:78,3
DA:81,23
LF:34
LH:34
BRDA:17,0,0,8
BRDA:24,1,0,6
BRDA:29,2,0,6
BRF:3
BRH:3
end_of_record
